2020-12-10 11:23:35.271 [INFO ] generator.AliOssTest - Starting AliOssTest on DESKTOP-5EB3B7K with PID 35116 (started by MI in E:\source\cloud-manage\manage-web)
2020-12-10 11:23:35.273 [INFO ] generator.AliOssTest - No active profile set, falling back to default profiles: default
2020-12-10 11:23:40.154 [INFO ] springfox.documentation.spring.web.PropertySourcedRequestMappingHandlerMapping - Mapped URL path [/v2/api-docs] onto method [springfox.documentation.swagger2.web.Swagger2Controller#getDocumentation(String, HttpServletRequest)]
2020-12-10 11:23:40.501 [INFO ] org.springframework.scheduling.concurrent.ThreadPoolTaskExecutor - Initializing ExecutorService 'applicationTaskExecutor'
2020-12-10 11:23:40.944 [INFO ] springfox.documentation.spring.web.plugins.DocumentationPluginsBootstrapper - Context refreshed
2020-12-10 11:23:40.972 [INFO ] springfox.documentation.spring.web.plugins.DocumentationPluginsBootstrapper - Found 1 custom documentation plugin(s)
2020-12-10 11:23:41.011 [INFO ] springfox.documentation.spring.web.scanners.ApiListingReferenceScanner - Scanning for api listing references
2020-12-10 11:23:41.249 [INFO ] generator.AliOssTest - Started AliOssTest in 6.607 seconds (JVM running for 8.188)
2020-12-10 11:23:41.655 [INFO ] generator.AliOssTest - beanmanagers
2020-12-10 11:23:41.683 [INFO ] org.springframework.scheduling.concurrent.ThreadPoolTaskExecutor - Shutting down ExecutorService 'applicationTaskExecutor'
2020-12-10 11:29:36.639 [INFO ] generator.AliOssTest - Starting AliOssTest on DESKTOP-5EB3B7K with PID 18236 (started by MI in E:\source\cloud-manage\manage-web)
2020-12-10 11:29:36.642 [INFO ] generator.AliOssTest - No active profile set, falling back to default profiles: default
2020-12-10 11:29:41.560 [INFO ] springfox.documentation.spring.web.PropertySourcedRequestMappingHandlerMapping - Mapped URL path [/v2/api-docs] onto method [springfox.documentation.swagger2.web.Swagger2Controller#getDocumentation(String, HttpServletRequest)]
2020-12-10 11:29:41.885 [INFO ] org.springframework.scheduling.concurrent.ThreadPoolTaskExecutor - Initializing ExecutorService 'applicationTaskExecutor'
2020-12-10 11:29:42.353 [INFO ] springfox.documentation.spring.web.plugins.DocumentationPluginsBootstrapper - Context refreshed
2020-12-10 11:29:42.377 [INFO ] springfox.documentation.spring.web.plugins.DocumentationPluginsBootstrapper - Found 1 custom documentation plugin(s)
2020-12-10 11:29:42.423 [INFO ] springfox.documentation.spring.web.scanners.ApiListingReferenceScanner - Scanning for api listing references
2020-12-10 11:29:42.633 [INFO ] generator.AliOssTest - Started AliOssTest in 6.562 seconds (JVM running for 8.05)
2020-12-10 11:29:45.502 [INFO ] org.springframework.scheduling.concurrent.ThreadPoolTaskExecutor - Shutting down ExecutorService 'applicationTaskExecutor'
2020-12-10 14:06:45.473 [INFO ] com.source.boot - Starting boot on DESKTOP-5EB3B7K with PID 34236 (E:\source\cloud-manage\manage-web\target\classes started by MI in E:\source\cloud-manage)
2020-12-10 14:06:45.483 [INFO ] com.source.boot - No active profile set, falling back to default profiles: default
2020-12-10 14:06:47.483 [INFO ] org.springframework.boot.web.embedded.tomcat.TomcatWebServer - Tomcat initialized with port(s): 8081 (http)
2020-12-10 14:06:47.494 [INFO ] org.apache.coyote.http11.Http11NioProtocol - Initializing ProtocolHandler ["http-nio-8081"]
2020-12-10 14:06:47.495 [INFO ] org.apache.catalina.core.StandardService - Starting service [Tomcat]
2020-12-10 14:06:47.496 [INFO ] org.apache.catalina.core.StandardEngine - Starting Servlet engine: [Apache Tomcat/9.0.37]
2020-12-10 14:06:47.673 [INFO ] org.apache.catalina.core.ContainerBase.[Tomcat].[localhost].[/] - Initializing Spring embedded WebApplicationContext
2020-12-10 14:06:47.673 [INFO ] org.springframework.boot.web.servlet.context.ServletWebServerApplicationContext - Root WebApplicationContext: initialization completed in 2112 ms
2020-12-10 14:06:50.184 [INFO ] springfox.documentation.spring.web.PropertySourcedRequestMappingHandlerMapping - Mapped URL path [/v2/api-docs] onto method [springfox.documentation.swagger2.web.Swagger2Controller#getDocumentation(String, HttpServletRequest)]
2020-12-10 14:06:50.272 [INFO ] org.springframework.scheduling.concurrent.ThreadPoolTaskExecutor - Initializing ExecutorService 'applicationTaskExecutor'
2020-12-10 14:06:50.448 [INFO ] org.apache.coyote.http11.Http11NioProtocol - Starting ProtocolHandler ["http-nio-8081"]
2020-12-10 14:06:50.471 [INFO ] org.springframework.boot.web.embedded.tomcat.TomcatWebServer - Tomcat started on port(s): 8081 (http) with context path ''
2020-12-10 14:06:50.472 [INFO ] springfox.documentation.spring.web.plugins.DocumentationPluginsBootstrapper - Context refreshed
2020-12-10 14:06:50.488 [INFO ] springfox.documentation.spring.web.plugins.DocumentationPluginsBootstrapper - Found 1 custom documentation plugin(s)
2020-12-10 14:06:50.521 [INFO ] springfox.documentation.spring.web.scanners.ApiListingReferenceScanner - Scanning for api listing references
2020-12-10 14:06:50.661 [INFO ] com.source.boot - Started boot in 5.86 seconds (JVM running for 7.839)
2020-12-10 14:08:11.542 [INFO ] org.apache.catalina.core.ContainerBase.[Tomcat].[localhost].[/] - Initializing Spring DispatcherServlet 'dispatcherServlet'
2020-12-10 14:08:33.573 [INFO ] com.source.system.service.impl.AliOssServiceImpl - fileNamefile
2020-12-10 14:11:42.217 [INFO ] com.source.system.service.impl.AliOssServiceImpl - fileNamefile
2020-12-10 14:12:12.544 [INFO ] com.source.boot - Starting boot on DESKTOP-5EB3B7K with PID 33948 (E:\source\cloud-manage\manage-web\target\classes started by MI in E:\source\cloud-manage)
2020-12-10 14:12:12.553 [INFO ] com.source.boot - No active profile set, falling back to default profiles: default
2020-12-10 14:12:14.070 [INFO ] org.springframework.boot.web.embedded.tomcat.TomcatWebServer - Tomcat initialized with port(s): 8081 (http)
2020-12-10 14:12:14.079 [INFO ] org.apache.coyote.http11.Http11NioProtocol - Initializing ProtocolHandler ["http-nio-8081"]
2020-12-10 14:12:14.080 [INFO ] org.apache.catalina.core.StandardService - Starting service [Tomcat]
2020-12-10 14:12:14.080 [INFO ] org.apache.catalina.core.StandardEngine - Starting Servlet engine: [Apache Tomcat/9.0.37]
2020-12-10 14:12:14.241 [INFO ] org.apache.catalina.core.ContainerBase.[Tomcat].[localhost].[/] - Initializing Spring embedded WebApplicationContext
2020-12-10 14:12:14.242 [INFO ] org.springframework.boot.web.servlet.context.ServletWebServerApplicationContext - Root WebApplicationContext: initialization completed in 1620 ms
2020-12-10 14:12:16.640 [INFO ] springfox.documentation.spring.web.PropertySourcedRequestMappingHandlerMapping - Mapped URL path [/v2/api-docs] onto method [springfox.documentation.swagger2.web.Swagger2Controller#getDocumentation(String, HttpServletRequest)]
2020-12-10 14:12:16.713 [INFO ] org.springframework.scheduling.concurrent.ThreadPoolTaskExecutor - Initializing ExecutorService 'applicationTaskExecutor'
2020-12-10 14:12:16.881 [INFO ] org.apache.coyote.http11.Http11NioProtocol - Starting ProtocolHandler ["http-nio-8081"]
2020-12-10 14:12:16.904 [INFO ] org.springframework.boot.web.embedded.tomcat.TomcatWebServer - Tomcat started on port(s): 8081 (http) with context path ''
2020-12-10 14:12:16.905 [INFO ] springfox.documentation.spring.web.plugins.DocumentationPluginsBootstrapper - Context refreshed
2020-12-10 14:12:16.917 [INFO ] springfox.documentation.spring.web.plugins.DocumentationPluginsBootstrapper - Found 1 custom documentation plugin(s)
2020-12-10 14:12:16.946 [INFO ] springfox.documentation.spring.web.scanners.ApiListingReferenceScanner - Scanning for api listing references
2020-12-10 14:12:17.072 [INFO ] com.source.boot - Started boot in 5.079 seconds (JVM running for 6.973)
2020-12-10 14:12:25.111 [INFO ] org.apache.catalina.core.ContainerBase.[Tomcat].[localhost].[/] - Initializing Spring DispatcherServlet 'dispatcherServlet'
2020-12-10 14:12:25.172 [INFO ] com.source.system.service.impl.AliOssServiceImpl - fileNamefile
2020-12-10 14:14:20.453 [INFO ] com.source.boot - Starting boot on DESKTOP-5EB3B7K with PID 17396 (E:\source\cloud-manage\manage-web\target\classes started by MI in E:\source\cloud-manage)
2020-12-10 14:14:20.458 [INFO ] com.source.boot - No active profile set, falling back to default profiles: default
2020-12-10 14:14:21.997 [INFO ] org.springframework.boot.web.embedded.tomcat.TomcatWebServer - Tomcat initialized with port(s): 8081 (http)
2020-12-10 14:14:22.005 [INFO ] org.apache.coyote.http11.Http11NioProtocol - Initializing ProtocolHandler ["http-nio-8081"]
2020-12-10 14:14:22.006 [INFO ] org.apache.catalina.core.StandardService - Starting service [Tomcat]
2020-12-10 14:14:22.006 [INFO ] org.apache.catalina.core.StandardEngine - Starting Servlet engine: [Apache Tomcat/9.0.37]
2020-12-10 14:14:22.169 [INFO ] org.apache.catalina.core.ContainerBase.[Tomcat].[localhost].[/] - Initializing Spring embedded WebApplicationContext
2020-12-10 14:14:22.169 [INFO ] org.springframework.boot.web.servlet.context.ServletWebServerApplicationContext - Root WebApplicationContext: initialization completed in 1641 ms
2020-12-10 14:14:24.651 [INFO ] springfox.documentation.spring.web.PropertySourcedRequestMappingHandlerMapping - Mapped URL path [/v2/api-docs] onto method [springfox.documentation.swagger2.web.Swagger2Controller#getDocumentation(String, HttpServletRequest)]
2020-12-10 14:14:24.721 [INFO ] org.springframework.scheduling.concurrent.ThreadPoolTaskExecutor - Initializing ExecutorService 'applicationTaskExecutor'
2020-12-10 14:14:24.896 [INFO ] org.apache.coyote.http11.Http11NioProtocol - Starting ProtocolHandler ["http-nio-8081"]
2020-12-10 14:14:24.928 [INFO ] org.springframework.boot.web.embedded.tomcat.TomcatWebServer - Tomcat started on port(s): 8081 (http) with context path ''
2020-12-10 14:14:24.930 [INFO ] springfox.documentation.spring.web.plugins.DocumentationPluginsBootstrapper - Context refreshed
2020-12-10 14:14:24.951 [INFO ] springfox.documentation.spring.web.plugins.DocumentationPluginsBootstrapper - Found 1 custom documentation plugin(s)
2020-12-10 14:14:24.997 [INFO ] springfox.documentation.spring.web.scanners.ApiListingReferenceScanner - Scanning for api listing references
2020-12-10 14:14:25.196 [INFO ] com.source.boot - Started boot in 5.296 seconds (JVM running for 7.202)
2020-12-10 14:14:52.326 [INFO ] org.apache.catalina.core.ContainerBase.[Tomcat].[localhost].[/] - Initializing Spring DispatcherServlet 'dispatcherServlet'
2020-12-10 14:14:52.387 [INFO ] com.source.system.service.impl.AliOssServiceImpl - fileName11.png
2020-12-10 14:16:17.146 [INFO ] com.source.boot - Starting boot on DESKTOP-5EB3B7K with PID 35188 (E:\source\cloud-manage\manage-web\target\classes started by MI in E:\source\cloud-manage)
2020-12-10 14:16:17.151 [INFO ] com.source.boot - No active profile set, falling back to default profiles: default
2020-12-10 14:16:18.639 [INFO ] org.springframework.boot.web.embedded.tomcat.TomcatWebServer - Tomcat initialized with port(s): 8081 (http)
2020-12-10 14:16:18.646 [INFO ] org.apache.coyote.http11.Http11NioProtocol - Initializing ProtocolHandler ["http-nio-8081"]
2020-12-10 14:16:18.647 [INFO ] org.apache.catalina.core.StandardService - Starting service [Tomcat]
2020-12-10 14:16:18.648 [INFO ] org.apache.catalina.core.StandardEngine - Starting Servlet engine: [Apache Tomcat/9.0.37]
2020-12-10 14:16:18.813 [INFO ] org.apache.catalina.core.ContainerBase.[Tomcat].[localhost].[/] - Initializing Spring embedded WebApplicationContext
2020-12-10 14:16:18.814 [INFO ] org.springframework.boot.web.servlet.context.ServletWebServerApplicationContext - Root WebApplicationContext: initialization completed in 1599 ms
2020-12-10 14:16:21.184 [INFO ] springfox.documentation.spring.web.PropertySourcedRequestMappingHandlerMapping - Mapped URL path [/v2/api-docs] onto method [springfox.documentation.swagger2.web.Swagger2Controller#getDocumentation(String, HttpServletRequest)]
2020-12-10 14:16:21.256 [INFO ] org.springframework.scheduling.concurrent.ThreadPoolTaskExecutor - Initializing ExecutorService 'applicationTaskExecutor'
2020-12-10 14:16:21.427 [INFO ] org.apache.coyote.http11.Http11NioProtocol - Starting ProtocolHandler ["http-nio-8081"]
2020-12-10 14:16:21.453 [INFO ] org.springframework.boot.web.embedded.tomcat.TomcatWebServer - Tomcat started on port(s): 8081 (http) with context path ''
2020-12-10 14:16:21.454 [INFO ] springfox.documentation.spring.web.plugins.DocumentationPluginsBootstrapper - Context refreshed
2020-12-10 14:16:21.467 [INFO ] springfox.documentation.spring.web.plugins.DocumentationPluginsBootstrapper - Found 1 custom documentation plugin(s)
2020-12-10 14:16:21.499 [INFO ] springfox.documentation.spring.web.scanners.ApiListingReferenceScanner - Scanning for api listing references
2020-12-10 14:16:21.626 [INFO ] com.source.boot - Started boot in 5.045 seconds (JVM running for 7.017)
2020-12-10 14:16:35.283 [INFO ] org.apache.catalina.core.ContainerBase.[Tomcat].[localhost].[/] - Initializing Spring DispatcherServlet 'dispatcherServlet'
2020-12-10 14:16:35.340 [INFO ] com.source.system.service.impl.AliOssServiceImpl - fileName11.png
2020-12-10 15:15:26.761 [INFO ] com.source.boot - Starting boot on DESKTOP-5EB3B7K with PID 28080 (E:\source\cloud-manage\manage-web\target\classes started by MI in E:\source\cloud-manage)
2020-12-10 15:15:26.766 [INFO ] com.source.boot - No active profile set, falling back to default profiles: default
2020-12-10 15:15:28.675 [INFO ] org.springframework.boot.web.embedded.tomcat.TomcatWebServer - Tomcat initialized with port(s): 8081 (http)
2020-12-10 15:15:28.709 [INFO ] org.apache.coyote.http11.Http11NioProtocol - Initializing ProtocolHandler ["http-nio-8081"]
2020-12-10 15:15:28.710 [INFO ] org.apache.catalina.core.StandardService - Starting service [Tomcat]
2020-12-10 15:15:28.712 [INFO ] org.apache.catalina.core.StandardEngine - Starting Servlet engine: [Apache Tomcat/9.0.37]
2020-12-10 15:15:28.901 [INFO ] org.apache.catalina.core.ContainerBase.[Tomcat].[localhost].[/] - Initializing Spring embedded WebApplicationContext
2020-12-10 15:15:28.901 [INFO ] org.springframework.boot.web.servlet.context.ServletWebServerApplicationContext - Root WebApplicationContext: initialization completed in 2053 ms
2020-12-10 15:15:31.596 [INFO ] springfox.documentation.spring.web.PropertySourcedRequestMappingHandlerMapping - Mapped URL path [/v2/api-docs] onto method [springfox.documentation.swagger2.web.Swagger2Controller#getDocumentation(String, HttpServletRequest)]
2020-12-10 15:15:31.671 [INFO ] org.springframework.scheduling.concurrent.ThreadPoolTaskExecutor - Initializing ExecutorService 'applicationTaskExecutor'
2020-12-10 15:15:31.887 [INFO ] org.apache.coyote.http11.Http11NioProtocol - Starting ProtocolHandler ["http-nio-8081"]
2020-12-10 15:15:31.910 [INFO ] org.springframework.boot.web.embedded.tomcat.TomcatWebServer - Tomcat started on port(s): 8081 (http) with context path ''
2020-12-10 15:15:31.911 [INFO ] springfox.documentation.spring.web.plugins.DocumentationPluginsBootstrapper - Context refreshed
2020-12-10 15:15:31.927 [INFO ] springfox.documentation.spring.web.plugins.DocumentationPluginsBootstrapper - Found 1 custom documentation plugin(s)
2020-12-10 15:15:31.963 [INFO ] springfox.documentation.spring.web.scanners.ApiListingReferenceScanner - Scanning for api listing references
2020-12-10 15:15:32.120 [INFO ] com.source.boot - Started boot in 6.225 seconds (JVM running for 8.413)
2020-12-10 15:15:38.155 [INFO ] org.apache.catalina.core.ContainerBase.[Tomcat].[localhost].[/] - Initializing Spring DispatcherServlet 'dispatcherServlet'
2020-12-10 15:18:56.035 [INFO ] com.source.boot - Starting boot on DESKTOP-5EB3B7K with PID 34016 (E:\source\cloud-manage\manage-web\target\classes started by MI in E:\source\cloud-manage)
2020-12-10 15:18:56.039 [INFO ] com.source.boot - No active profile set, falling back to default profiles: default
2020-12-10 15:18:57.785 [INFO ] org.springframework.boot.web.embedded.tomcat.TomcatWebServer - Tomcat initialized with port(s): 8081 (http)
2020-12-10 15:18:57.795 [INFO ] org.apache.coyote.http11.Http11NioProtocol - Initializing ProtocolHandler ["http-nio-8081"]
2020-12-10 15:18:57.796 [INFO ] org.apache.catalina.core.StandardService - Starting service [Tomcat]
2020-12-10 15:18:57.797 [INFO ] org.apache.catalina.core.StandardEngine - Starting Servlet engine: [Apache Tomcat/9.0.37]
2020-12-10 15:18:57.975 [INFO ] org.apache.catalina.core.ContainerBase.[Tomcat].[localhost].[/] - Initializing Spring embedded WebApplicationContext
2020-12-10 15:18:57.976 [INFO ] org.springframework.boot.web.servlet.context.ServletWebServerApplicationContext - Root WebApplicationContext: initialization completed in 1867 ms
2020-12-10 15:19:00.636 [INFO ] springfox.documentation.spring.web.PropertySourcedRequestMappingHandlerMapping - Mapped URL path [/v2/api-docs] onto method [springfox.documentation.swagger2.web.Swagger2Controller#getDocumentation(String, HttpServletRequest)]
2020-12-10 15:19:00.713 [INFO ] org.springframework.scheduling.concurrent.ThreadPoolTaskExecutor - Initializing ExecutorService 'applicationTaskExecutor'
2020-12-10 15:19:00.903 [INFO ] org.apache.coyote.http11.Http11NioProtocol - Starting ProtocolHandler ["http-nio-8081"]
2020-12-10 15:19:00.926 [INFO ] org.springframework.boot.web.embedded.tomcat.TomcatWebServer - Tomcat started on port(s): 8081 (http) with context path ''
2020-12-10 15:19:00.928 [INFO ] springfox.documentation.spring.web.plugins.DocumentationPluginsBootstrapper - Context refreshed
2020-12-10 15:19:00.942 [INFO ] springfox.documentation.spring.web.plugins.DocumentationPluginsBootstrapper - Found 1 custom documentation plugin(s)
2020-12-10 15:19:00.976 [INFO ] springfox.documentation.spring.web.scanners.ApiListingReferenceScanner - Scanning for api listing references
2020-12-10 15:19:01.122 [INFO ] com.source.boot - Started boot in 5.727 seconds (JVM running for 7.712)
2020-12-10 15:21:49.291 [INFO ] org.apache.catalina.core.ContainerBase.[Tomcat].[localhost].[/] - Initializing Spring DispatcherServlet 'dispatcherServlet'
2020-12-10 15:24:26.117 [INFO ] com.source.boot - Starting boot on DESKTOP-5EB3B7K with PID 33276 (E:\source\cloud-manage\manage-web\target\classes started by MI in E:\source\cloud-manage)
2020-12-10 15:24:26.121 [INFO ] com.source.boot - No active profile set, falling back to default profiles: default
2020-12-10 15:24:27.710 [INFO ] org.springframework.boot.web.embedded.tomcat.TomcatWebServer - Tomcat initialized with port(s): 8081 (http)
2020-12-10 15:24:27.724 [INFO ] org.apache.coyote.http11.Http11NioProtocol - Initializing ProtocolHandler ["http-nio-8081"]
2020-12-10 15:24:27.725 [INFO ] org.apache.catalina.core.StandardService - Starting service [Tomcat]
2020-12-10 15:24:27.725 [INFO ] org.apache.catalina.core.StandardEngine - Starting Servlet engine: [Apache Tomcat/9.0.37]
2020-12-10 15:24:27.932 [INFO ] org.apache.catalina.core.ContainerBase.[Tomcat].[localhost].[/] - Initializing Spring embedded WebApplicationContext
2020-12-10 15:24:27.933 [INFO ] org.springframework.boot.web.servlet.context.ServletWebServerApplicationContext - Root WebApplicationContext: initialization completed in 1754 ms
2020-12-10 15:24:30.837 [INFO ] springfox.documentation.spring.web.PropertySourcedRequestMappingHandlerMapping - Mapped URL path [/v2/api-docs] onto method [springfox.documentation.swagger2.web.Swagger2Controller#getDocumentation(String, HttpServletRequest)]
2020-12-10 15:24:30.929 [INFO ] org.springframework.scheduling.concurrent.ThreadPoolTaskExecutor - Initializing ExecutorService 'applicationTaskExecutor'
2020-12-10 15:24:31.156 [INFO ] org.apache.coyote.http11.Http11NioProtocol - Starting ProtocolHandler ["http-nio-8081"]
2020-12-10 15:24:31.188 [INFO ] org.springframework.boot.web.embedded.tomcat.TomcatWebServer - Tomcat started on port(s): 8081 (http) with context path ''
2020-12-10 15:24:31.189 [INFO ] springfox.documentation.spring.web.plugins.DocumentationPluginsBootstrapper - Context refreshed
2020-12-10 15:24:31.205 [INFO ] springfox.documentation.spring.web.plugins.DocumentationPluginsBootstrapper - Found 1 custom documentation plugin(s)
2020-12-10 15:24:31.242 [INFO ] springfox.documentation.spring.web.scanners.ApiListingReferenceScanner - Scanning for api listing references
2020-12-10 15:24:31.417 [INFO ] com.source.boot - Started boot in 6.17 seconds (JVM running for 9.134)
2020-12-10 15:24:38.028 [INFO ] org.apache.catalina.core.ContainerBase.[Tomcat].[localhost].[/] - Initializing Spring DispatcherServlet 'dispatcherServlet'
2020-12-10 15:26:08.076 [INFO ] org.springframework.scheduling.concurrent.ThreadPoolTaskExecutor - Shutting down ExecutorService 'applicationTaskExecutor'
2020-12-10 15:26:15.270 [INFO ] com.source.boot - Starting boot on DESKTOP-5EB3B7K with PID 25932 (E:\source\cloud-manage\manage-web\target\classes started by MI in E:\source\cloud-manage)
2020-12-10 15:26:15.274 [INFO ] com.source.boot - No active profile set, falling back to default profiles: default
2020-12-10 15:26:16.739 [INFO ] org.springframework.boot.web.embedded.tomcat.TomcatWebServer - Tomcat initialized with port(s): 8081 (http)
2020-12-10 15:26:16.747 [INFO ] org.apache.coyote.http11.Http11NioProtocol - Initializing ProtocolHandler ["http-nio-8081"]
2020-12-10 15:26:16.748 [INFO ] org.apache.catalina.core.StandardService - Starting service [Tomcat]
2020-12-10 15:26:16.748 [INFO ] org.apache.catalina.core.StandardEngine - Starting Servlet engine: [Apache Tomcat/9.0.37]
2020-12-10 15:26:16.910 [INFO ] org.apache.catalina.core.ContainerBase.[Tomcat].[localhost].[/] - Initializing Spring embedded WebApplicationContext
2020-12-10 15:26:16.911 [INFO ] org.springframework.boot.web.servlet.context.ServletWebServerApplicationContext - Root WebApplicationContext: initialization completed in 1569 ms
2020-12-10 15:26:19.631 [INFO ] springfox.documentation.spring.web.PropertySourcedRequestMappingHandlerMapping - Mapped URL path [/v2/api-docs] onto method [springfox.documentation.swagger2.web.Swagger2Controller#getDocumentation(String, HttpServletRequest)]
2020-12-10 15:26:19.700 [INFO ] org.springframework.scheduling.concurrent.ThreadPoolTaskExecutor - Initializing ExecutorService 'applicationTaskExecutor'
2020-12-10 15:26:19.872 [INFO ] org.apache.coyote.http11.Http11NioProtocol - Starting ProtocolHandler ["http-nio-8081"]
2020-12-10 15:26:19.893 [INFO ] org.springframework.boot.web.embedded.tomcat.TomcatWebServer - Tomcat started on port(s): 8081 (http) with context path ''
2020-12-10 15:26:19.894 [INFO ] springfox.documentation.spring.web.plugins.DocumentationPluginsBootstrapper - Context refreshed
2020-12-10 15:26:19.911 [INFO ] springfox.documentation.spring.web.plugins.DocumentationPluginsBootstrapper - Found 1 custom documentation plugin(s)
2020-12-10 15:26:19.951 [INFO ] springfox.documentation.spring.web.scanners.ApiListingReferenceScanner - Scanning for api listing references
2020-12-10 15:26:20.106 [INFO ] com.source.boot - Started boot in 5.42 seconds (JVM running for 7.338)
2020-12-10 15:26:32.833 [INFO ] org.apache.catalina.core.ContainerBase.[Tomcat].[localhost].[/] - Initializing Spring DispatcherServlet 'dispatcherServlet'
2020-12-10 15:28:33.541 [INFO ] com.source.boot - Starting boot on DESKTOP-5EB3B7K with PID 34208 (E:\source\cloud-manage\manage-web\target\classes started by MI in E:\source\cloud-manage)
2020-12-10 15:28:33.546 [INFO ] com.source.boot - No active profile set, falling back to default profiles: default
2020-12-10 15:28:35.032 [INFO ] org.springframework.boot.web.embedded.tomcat.TomcatWebServer - Tomcat initialized with port(s): 8081 (http)
2020-12-10 15:28:35.039 [INFO ] org.apache.coyote.http11.Http11NioProtocol - Initializing ProtocolHandler ["http-nio-8081"]
2020-12-10 15:28:35.040 [INFO ] org.apache.catalina.core.StandardService - Starting service [Tomcat]
2020-12-10 15:28:35.040 [INFO ] org.apache.catalina.core.StandardEngine - Starting Servlet engine: [Apache Tomcat/9.0.37]
2020-12-10 15:28:35.207 [INFO ] org.apache.catalina.core.ContainerBase.[Tomcat].[localhost].[/] - Initializing Spring embedded WebApplicationContext
2020-12-10 15:28:35.208 [INFO ] org.springframework.boot.web.servlet.context.ServletWebServerApplicationContext - Root WebApplicationContext: initialization completed in 1597 ms
2020-12-10 15:28:37.692 [INFO ] springfox.documentation.spring.web.PropertySourcedRequestMappingHandlerMapping - Mapped URL path [/v2/api-docs] onto method [springfox.documentation.swagger2.web.Swagger2Controller#getDocumentation(String, HttpServletRequest)]
2020-12-10 15:28:37.767 [INFO ] org.springframework.scheduling.concurrent.ThreadPoolTaskExecutor - Initializing ExecutorService 'applicationTaskExecutor'
2020-12-10 15:28:37.939 [INFO ] org.apache.coyote.http11.Http11NioProtocol - Starting ProtocolHandler ["http-nio-8081"]
2020-12-10 15:28:37.963 [INFO ] org.springframework.boot.web.embedded.tomcat.TomcatWebServer - Tomcat started on port(s): 8081 (http) with context path ''
2020-12-10 15:28:37.964 [INFO ] springfox.documentation.spring.web.plugins.DocumentationPluginsBootstrapper - Context refreshed
2020-12-10 15:28:37.977 [INFO ] springfox.documentation.spring.web.plugins.DocumentationPluginsBootstrapper - Found 1 custom documentation plugin(s)
2020-12-10 15:28:38.007 [INFO ] springfox.documentation.spring.web.scanners.ApiListingReferenceScanner - Scanning for api listing references
2020-12-10 15:28:38.144 [INFO ] com.source.boot - Started boot in 5.199 seconds (JVM running for 7.102)
2020-12-10 15:37:11.078 [INFO ] com.source.boot - Starting boot on DESKTOP-5EB3B7K with PID 16204 (E:\source\cloud-manage\manage-web\target\classes started by MI in E:\source\cloud-manage)
2020-12-10 15:37:11.083 [INFO ] com.source.boot - No active profile set, falling back to default profiles: default
2020-12-10 15:37:12.561 [INFO ] org.springframework.boot.web.embedded.tomcat.TomcatWebServer - Tomcat initialized with port(s): 8081 (http)
2020-12-10 15:37:12.568 [INFO ] org.apache.coyote.http11.Http11NioProtocol - Initializing ProtocolHandler ["http-nio-8081"]
2020-12-10 15:37:12.569 [INFO ] org.apache.catalina.core.StandardService - Starting service [Tomcat]
2020-12-10 15:37:12.569 [INFO ] org.apache.catalina.core.StandardEngine - Starting Servlet engine: [Apache Tomcat/9.0.37]
2020-12-10 15:37:12.728 [INFO ] org.apache.catalina.core.ContainerBase.[Tomcat].[localhost].[/] - Initializing Spring embedded WebApplicationContext
2020-12-10 15:37:12.728 [INFO ] org.springframework.boot.web.servlet.context.ServletWebServerApplicationContext - Root WebApplicationContext: initialization completed in 1581 ms
2020-12-10 15:37:15.050 [INFO ] springfox.documentation.spring.web.PropertySourcedRequestMappingHandlerMapping - Mapped URL path [/v2/api-docs] onto method [springfox.documentation.swagger2.web.Swagger2Controller#getDocumentation(String, HttpServletRequest)]
2020-12-10 15:37:15.124 [INFO ] org.springframework.scheduling.concurrent.ThreadPoolTaskExecutor - Initializing ExecutorService 'applicationTaskExecutor'
2020-12-10 15:37:15.289 [INFO ] org.apache.coyote.http11.Http11NioProtocol - Starting ProtocolHandler ["http-nio-8081"]
2020-12-10 15:37:15.311 [INFO ] org.springframework.boot.web.embedded.tomcat.TomcatWebServer - Tomcat started on port(s): 8081 (http) with context path ''
2020-12-10 15:37:15.312 [INFO ] springfox.documentation.spring.web.plugins.DocumentationPluginsBootstrapper - Context refreshed
2020-12-10 15:37:15.324 [INFO ] springfox.documentation.spring.web.plugins.DocumentationPluginsBootstrapper - Found 1 custom documentation plugin(s)
2020-12-10 15:37:15.357 [INFO ] springfox.documentation.spring.web.scanners.ApiListingReferenceScanner - Scanning for api listing references
2020-12-10 15:37:15.487 [INFO ] com.source.boot - Started boot in 4.992 seconds (JVM running for 6.866)
2020-12-10 15:37:20.929 [INFO ] org.apache.catalina.core.ContainerBase.[Tomcat].[localhost].[/] - Initializing Spring DispatcherServlet 'dispatcherServlet'
2020-12-10 15:41:43.175 [INFO ] com.source.boot - Starting boot on DESKTOP-5EB3B7K with PID 34692 (E:\source\cloud-manage\manage-web\target\classes started by MI in E:\source\cloud-manage)
2020-12-10 15:41:43.179 [INFO ] com.source.boot - No active profile set, falling back to default profiles: default
2020-12-10 15:41:44.654 [INFO ] org.springframework.boot.web.embedded.tomcat.TomcatWebServer - Tomcat initialized with port(s): 8081 (http)
2020-12-10 15:41:44.663 [INFO ] org.apache.coyote.http11.Http11NioProtocol - Initializing ProtocolHandler ["http-nio-8081"]
2020-12-10 15:41:44.663 [INFO ] org.apache.catalina.core.StandardService - Starting service [Tomcat]
2020-12-10 15:41:44.663 [INFO ] org.apache.catalina.core.StandardEngine - Starting Servlet engine: [Apache Tomcat/9.0.37]
2020-12-10 15:41:44.830 [INFO ] org.apache.catalina.core.ContainerBase.[Tomcat].[localhost].[/] - Initializing Spring embedded WebApplicationContext
2020-12-10 15:41:44.830 [INFO ] org.springframework.boot.web.servlet.context.ServletWebServerApplicationContext - Root WebApplicationContext: initialization completed in 1586 ms
2020-12-10 15:41:47.229 [INFO ] springfox.documentation.spring.web.PropertySourcedRequestMappingHandlerMapping - Mapped URL path [/v2/api-docs] onto method [springfox.documentation.swagger2.web.Swagger2Controller#getDocumentation(String, HttpServletRequest)]
2020-12-10 15:41:47.304 [INFO ] org.springframework.scheduling.concurrent.ThreadPoolTaskExecutor - Initializing ExecutorService 'applicationTaskExecutor'
2020-12-10 15:41:47.470 [INFO ] org.apache.coyote.http11.Http11NioProtocol - Starting ProtocolHandler ["http-nio-8081"]
2020-12-10 15:41:47.491 [INFO ] org.springframework.boot.web.embedded.tomcat.TomcatWebServer - Tomcat started on port(s): 8081 (http) with context path ''
2020-12-10 15:41:47.492 [INFO ] springfox.documentation.spring.web.plugins.DocumentationPluginsBootstrapper - Context refreshed
2020-12-10 15:41:47.508 [INFO ] springfox.documentation.spring.web.plugins.DocumentationPluginsBootstrapper - Found 1 custom documentation plugin(s)
2020-12-10 15:41:47.541 [INFO ] springfox.documentation.spring.web.scanners.ApiListingReferenceScanner - Scanning for api listing references
2020-12-10 15:41:47.666 [INFO ] com.source.boot - Started boot in 5.069 seconds (JVM running for 6.893)
2020-12-10 15:41:54.994 [INFO ] org.apache.catalina.core.ContainerBase.[Tomcat].[localhost].[/] - Initializing Spring DispatcherServlet 'dispatcherServlet'
2020-12-10 16:46:37.584 [INFO ] com.source.boot - Starting boot on DESKTOP-5EB3B7K with PID 34316 (E:\source\cloud-manage\manage-web\target\classes started by MI in E:\source\cloud-manage)
2020-12-10 16:46:37.589 [INFO ] com.source.boot - No active profile set, falling back to default profiles: default
2020-12-10 16:46:39.199 [INFO ] org.springframework.boot.web.embedded.tomcat.TomcatWebServer - Tomcat initialized with port(s): 8081 (http)
2020-12-10 16:46:39.208 [INFO ] org.apache.coyote.http11.Http11NioProtocol - Initializing ProtocolHandler ["http-nio-8081"]
2020-12-10 16:46:39.209 [INFO ] org.apache.catalina.core.StandardService - Starting service [Tomcat]
2020-12-10 16:46:39.209 [INFO ] org.apache.catalina.core.StandardEngine - Starting Servlet engine: [Apache Tomcat/9.0.37]
2020-12-10 16:46:39.380 [INFO ] org.apache.catalina.core.ContainerBase.[Tomcat].[localhost].[/] - Initializing Spring embedded WebApplicationContext
2020-12-10 16:46:39.381 [INFO ] org.springframework.boot.web.servlet.context.ServletWebServerApplicationContext - Root WebApplicationContext: initialization completed in 1704 ms
2020-12-10 16:46:41.835 [INFO ] springfox.documentation.spring.web.PropertySourcedRequestMappingHandlerMapping - Mapped URL path [/v2/api-docs] onto method [springfox.documentation.swagger2.web.Swagger2Controller#getDocumentation(String, HttpServletRequest)]
2020-12-10 16:46:41.914 [INFO ] org.springframework.scheduling.concurrent.ThreadPoolTaskExecutor - Initializing ExecutorService 'applicationTaskExecutor'
2020-12-10 16:46:42.106 [INFO ] org.apache.coyote.http11.Http11NioProtocol - Starting ProtocolHandler ["http-nio-8081"]
2020-12-10 16:46:42.128 [INFO ] org.springframework.boot.web.embedded.tomcat.TomcatWebServer - Tomcat started on port(s): 8081 (http) with context path ''
2020-12-10 16:46:42.129 [INFO ] springfox.documentation.spring.web.plugins.DocumentationPluginsBootstrapper - Context refreshed
2020-12-10 16:46:42.141 [INFO ] springfox.documentation.spring.web.plugins.DocumentationPluginsBootstrapper - Found 1 custom documentation plugin(s)
2020-12-10 16:46:42.172 [INFO ] springfox.documentation.spring.web.scanners.ApiListingReferenceScanner - Scanning for api listing references
2020-12-10 16:46:42.299 [INFO ] com.source.boot - Started boot in 5.299 seconds (JVM running for 7.24)
2020-12-10 16:46:55.713 [INFO ] org.apache.catalina.core.ContainerBase.[Tomcat].[localhost].[/] - Initializing Spring DispatcherServlet 'dispatcherServlet'
2020-12-10 16:47:37.055 [INFO ] com.source.system.service.impl.AliOssServiceImpl - filedefault
2020-12-10 16:48:30.780 [INFO ] com.source.boot - Starting boot on DESKTOP-5EB3B7K with PID 29020 (E:\source\cloud-manage\manage-web\target\classes started by MI in E:\source\cloud-manage)
2020-12-10 16:48:30.785 [INFO ] com.source.boot - No active profile set, falling back to default profiles: default
2020-12-10 16:48:32.384 [INFO ] org.springframework.boot.web.embedded.tomcat.TomcatWebServer - Tomcat initialized with port(s): 8081 (http)
2020-12-10 16:48:32.393 [INFO ] org.apache.coyote.http11.Http11NioProtocol - Initializing ProtocolHandler ["http-nio-8081"]
2020-12-10 16:48:32.394 [INFO ] org.apache.catalina.core.StandardService - Starting service [Tomcat]
2020-12-10 16:48:32.394 [INFO ] org.apache.catalina.core.StandardEngine - Starting Servlet engine: [Apache Tomcat/9.0.37]
2020-12-10 16:48:32.568 [INFO ] org.apache.catalina.core.ContainerBase.[Tomcat].[localhost].[/] - Initializing Spring embedded WebApplicationContext
2020-12-10 16:48:32.569 [INFO ] org.springframework.boot.web.servlet.context.ServletWebServerApplicationContext - Root WebApplicationContext: initialization completed in 1664 ms
2020-12-10 16:48:35.195 [INFO ] springfox.documentation.spring.web.PropertySourcedRequestMappingHandlerMapping - Mapped URL path [/v2/api-docs] onto method [springfox.documentation.swagger2.web.Swagger2Controller#getDocumentation(String, HttpServletRequest)]
2020-12-10 16:48:35.280 [INFO ] org.springframework.scheduling.concurrent.ThreadPoolTaskExecutor - Initializing ExecutorService 'applicationTaskExecutor'
2020-12-10 16:48:35.472 [INFO ] org.apache.coyote.http11.Http11NioProtocol - Starting ProtocolHandler ["http-nio-8081"]
2020-12-10 16:48:35.503 [INFO ] org.springframework.boot.web.embedded.tomcat.TomcatWebServer - Tomcat started on port(s): 8081 (http) with context path ''
2020-12-10 16:48:35.504 [INFO ] springfox.documentation.spring.web.plugins.DocumentationPluginsBootstrapper - Context refreshed
2020-12-10 16:48:35.532 [INFO ] springfox.documentation.spring.web.plugins.DocumentationPluginsBootstrapper - Found 1 custom documentation plugin(s)
2020-12-10 16:48:35.581 [INFO ] springfox.documentation.spring.web.scanners.ApiListingReferenceScanner - Scanning for api listing references
2020-12-10 16:48:35.741 [INFO ] com.source.boot - Started boot in 5.569 seconds (JVM running for 7.468)
2020-12-10 16:48:36.092 [INFO ] org.apache.catalina.core.ContainerBase.[Tomcat].[localhost].[/] - Initializing Spring DispatcherServlet 'dispatcherServlet'
2020-12-10 16:48:57.782 [INFO ] com.source.utils.Files - file:originalFilename.substring(1)
2020-12-10 16:48:57.786 [INFO ] com.source.system.service.impl.AliOssServiceImpl - filedefault
2020-12-10 16:49:29.412 [INFO ] com.source.boot - Starting boot on DESKTOP-5EB3B7K with PID 4388 (E:\source\cloud-manage\manage-web\target\classes started by MI in E:\source\cloud-manage)
2020-12-10 16:49:29.416 [INFO ] com.source.boot - No active profile set, falling back to default profiles: default
2020-12-10 16:49:30.979 [INFO ] org.springframework.boot.web.embedded.tomcat.TomcatWebServer - Tomcat initialized with port(s): 8081 (http)
2020-12-10 16:49:30.988 [INFO ] org.apache.coyote.http11.Http11NioProtocol - Initializing ProtocolHandler ["http-nio-8081"]
2020-12-10 16:49:30.988 [INFO ] org.apache.catalina.core.StandardService - Starting service [Tomcat]
2020-12-10 16:49:30.989 [INFO ] org.apache.catalina.core.StandardEngine - Starting Servlet engine: [Apache Tomcat/9.0.37]
2020-12-10 16:49:31.157 [INFO ] org.apache.catalina.core.ContainerBase.[Tomcat].[localhost].[/] - Initializing Spring embedded WebApplicationContext
2020-12-10 16:49:31.158 [INFO ] org.springframework.boot.web.servlet.context.ServletWebServerApplicationContext - Root WebApplicationContext: initialization completed in 1668 ms
2020-12-10 16:49:33.600 [INFO ] springfox.documentation.spring.web.PropertySourcedRequestMappingHandlerMapping - Mapped URL path [/v2/api-docs] onto method [springfox.documentation.swagger2.web.Swagger2Controller#getDocumentation(String, HttpServletRequest)]
2020-12-10 16:49:33.687 [INFO ] org.springframework.scheduling.concurrent.ThreadPoolTaskExecutor - Initializing ExecutorService 'applicationTaskExecutor'
2020-12-10 16:49:33.885 [INFO ] org.apache.coyote.http11.Http11NioProtocol - Starting ProtocolHandler ["http-nio-8081"]
2020-12-10 16:49:33.907 [INFO ] org.springframework.boot.web.embedded.tomcat.TomcatWebServer - Tomcat started on port(s): 8081 (http) with context path ''
2020-12-10 16:49:33.908 [INFO ] springfox.documentation.spring.web.plugins.DocumentationPluginsBootstrapper - Context refreshed
2020-12-10 16:49:33.921 [INFO ] springfox.documentation.spring.web.plugins.DocumentationPluginsBootstrapper - Found 1 custom documentation plugin(s)
2020-12-10 16:49:33.957 [INFO ] springfox.documentation.spring.web.scanners.ApiListingReferenceScanner - Scanning for api listing references
2020-12-10 16:49:34.089 [INFO ] com.source.boot - Started boot in 5.311 seconds (JVM running for 7.266)
2020-12-10 16:49:41.788 [INFO ] org.apache.catalina.core.ContainerBase.[Tomcat].[localhost].[/] - Initializing Spring DispatcherServlet 'dispatcherServlet'
2020-12-10 16:49:51.872 [INFO ] com.source.utils.Files - file:png
2020-12-10 16:49:51.876 [INFO ] com.source.system.service.impl.AliOssServiceImpl - fileimage
2020-12-10 16:50:43.270 [INFO ] com.source.boot - Starting boot on DESKTOP-5EB3B7K with PID 26868 (E:\source\cloud-manage\manage-web\target\classes started by MI in E:\source\cloud-manage)
2020-12-10 16:50:43.275 [INFO ] com.source.boot - No active profile set, falling back to default profiles: default
2020-12-10 16:50:44.805 [INFO ] org.springframework.boot.web.embedded.tomcat.TomcatWebServer - Tomcat initialized with port(s): 8081 (http)
2020-12-10 16:50:44.815 [INFO ] org.apache.coyote.http11.Http11NioProtocol - Initializing ProtocolHandler ["http-nio-8081"]
2020-12-10 16:50:44.816 [INFO ] org.apache.catalina.core.StandardService - Starting service [Tomcat]
2020-12-10 16:50:44.816 [INFO ] org.apache.catalina.core.StandardEngine - Starting Servlet engine: [Apache Tomcat/9.0.37]
2020-12-10 16:50:44.980 [INFO ] org.apache.catalina.core.ContainerBase.[Tomcat].[localhost].[/] - Initializing Spring embedded WebApplicationContext
2020-12-10 16:50:44.980 [INFO ] org.springframework.boot.web.servlet.context.ServletWebServerApplicationContext - Root WebApplicationContext: initialization completed in 1639 ms
2020-12-10 16:50:47.521 [INFO ] springfox.documentation.spring.web.PropertySourcedRequestMappingHandlerMapping - Mapped URL path [/v2/api-docs] onto method [springfox.documentation.swagger2.web.Swagger2Controller#getDocumentation(String, HttpServletRequest)]
2020-12-10 16:50:47.603 [INFO ] org.springframework.scheduling.concurrent.ThreadPoolTaskExecutor - Initializing ExecutorService 'applicationTaskExecutor'
2020-12-10 16:50:47.775 [INFO ] org.apache.coyote.http11.Http11NioProtocol - Starting ProtocolHandler ["http-nio-8081"]
2020-12-10 16:50:47.797 [INFO ] org.springframework.boot.web.embedded.tomcat.TomcatWebServer - Tomcat started on port(s): 8081 (http) with context path ''
2020-12-10 16:50:47.798 [INFO ] springfox.documentation.spring.web.plugins.DocumentationPluginsBootstrapper - Context refreshed
2020-12-10 16:50:47.810 [INFO ] springfox.documentation.spring.web.plugins.DocumentationPluginsBootstrapper - Found 1 custom documentation plugin(s)
2020-12-10 16:50:47.847 [INFO ] springfox.documentation.spring.web.scanners.ApiListingReferenceScanner - Scanning for api listing references
2020-12-10 16:50:47.979 [INFO ] com.source.boot - Started boot in 5.32 seconds (JVM running for 7.264)
2020-12-10 16:50:50.875 [INFO ] org.apache.catalina.core.ContainerBase.[Tomcat].[localhost].[/] - Initializing Spring DispatcherServlet 'dispatcherServlet'
2020-12-10 16:51:56.442 [INFO ] com.source.utils.Files - file:gif
2020-12-10 16:51:56.447 [INFO ] com.source.system.service.impl.AliOssServiceImpl - fileimage
2020-12-10 16:52:38.349 [INFO ] com.source.utils.Files - file:zip
2020-12-10 16:52:38.350 [INFO ] com.source.system.service.impl.AliOssServiceImpl - filezip
2020-12-10 17:04:31.794 [INFO ] com.source.utils.Files - file:zip
2020-12-10 17:04:31.794 [INFO ] com.source.system.service.impl.AliOssServiceImpl - filezip
2020-12-10 17:05:33.455 [INFO ] com.source.boot - Starting boot on DESKTOP-5EB3B7K with PID 27288 (E:\source\cloud-manage\manage-web\target\classes started by MI in E:\source\cloud-manage)
2020-12-10 17:05:33.459 [INFO ] com.source.boot - No active profile set, falling back to default profiles: default
2020-12-10 17:05:34.979 [INFO ] org.springframework.boot.web.embedded.tomcat.TomcatWebServer - Tomcat initialized with port(s): 8081 (http)
2020-12-10 17:05:34.987 [INFO ] org.apache.coyote.http11.Http11NioProtocol - Initializing ProtocolHandler ["http-nio-8081"]
2020-12-10 17:05:34.988 [INFO ] org.apache.catalina.core.StandardService - Starting service [Tomcat]
2020-12-10 17:05:34.988 [INFO ] org.apache.catalina.core.StandardEngine - Starting Servlet engine: [Apache Tomcat/9.0.37]
2020-12-10 17:05:35.152 [INFO ] org.apache.catalina.core.ContainerBase.[Tomcat].[localhost].[/] - Initializing Spring embedded WebApplicationContext
2020-12-10 17:05:35.152 [INFO ] org.springframework.boot.web.servlet.context.ServletWebServerApplicationContext - Root WebApplicationContext: initialization completed in 1625 ms
2020-12-10 17:05:37.645 [INFO ] springfox.documentation.spring.web.PropertySourcedRequestMappingHandlerMapping - Mapped URL path [/v2/api-docs] onto method [springfox.documentation.swagger2.web.Swagger2Controller#getDocumentation(String, HttpServletRequest)]
2020-12-10 17:05:37.738 [INFO ] org.springframework.scheduling.concurrent.ThreadPoolTaskExecutor - Initializing ExecutorService 'applicationTaskExecutor'
2020-12-10 17:05:37.938 [INFO ] org.apache.coyote.http11.Http11NioProtocol - Starting ProtocolHandler ["http-nio-8081"]
2020-12-10 17:05:37.966 [INFO ] org.springframework.boot.web.embedded.tomcat.TomcatWebServer - Tomcat started on port(s): 8081 (http) with context path ''
2020-12-10 17:05:37.967 [INFO ] springfox.documentation.spring.web.plugins.DocumentationPluginsBootstrapper - Context refreshed
2020-12-10 17:05:37.985 [INFO ] springfox.documentation.spring.web.plugins.DocumentationPluginsBootstrapper - Found 1 custom documentation plugin(s)
2020-12-10 17:05:38.020 [INFO ] springfox.documentation.spring.web.scanners.ApiListingReferenceScanner - Scanning for api listing references
2020-12-10 17:05:38.178 [INFO ] com.source.boot - Started boot in 5.308 seconds (JVM running for 7.208)
2020-12-10 17:06:29.459 [INFO ] com.source.boot - Starting boot on DESKTOP-5EB3B7K with PID 31280 (E:\source\cloud-manage\manage-web\target\classes started by MI in E:\source\cloud-manage)
2020-12-10 17:06:29.464 [INFO ] com.source.boot - No active profile set, falling back to default profiles: default
2020-12-10 17:06:31.528 [INFO ] org.springframework.boot.web.embedded.tomcat.TomcatWebServer - Tomcat initialized with port(s): 8081 (http)
2020-12-10 17:06:31.536 [INFO ] org.apache.coyote.http11.Http11NioProtocol - Initializing ProtocolHandler ["http-nio-8081"]
2020-12-10 17:06:31.536 [INFO ] org.apache.catalina.core.StandardService - Starting service [Tomcat]
2020-12-10 17:06:31.537 [INFO ] org.apache.catalina.core.StandardEngine - Starting Servlet engine: [Apache Tomcat/9.0.37]
2020-12-10 17:06:31.700 [INFO ] org.apache.catalina.core.ContainerBase.[Tomcat].[localhost].[/] - Initializing Spring embedded WebApplicationContext
2020-12-10 17:06:31.701 [INFO ] org.springframework.boot.web.servlet.context.ServletWebServerApplicationContext - Root WebApplicationContext: initialization completed in 2139 ms
2020-12-10 17:06:34.094 [INFO ] springfox.documentation.spring.web.PropertySourcedRequestMappingHandlerMapping - Mapped URL path [/v2/api-docs] onto method [springfox.documentation.swagger2.web.Swagger2Controller#getDocumentation(String, HttpServletRequest)]
2020-12-10 17:06:34.166 [INFO ] org.springframework.scheduling.concurrent.ThreadPoolTaskExecutor - Initializing ExecutorService 'applicationTaskExecutor'
2020-12-10 17:06:34.367 [INFO ] org.apache.coyote.http11.Http11NioProtocol - Starting ProtocolHandler ["http-nio-8081"]
2020-12-10 17:06:34.394 [INFO ] org.springframework.boot.web.embedded.tomcat.TomcatWebServer - Tomcat started on port(s): 8081 (http) with context path ''
2020-12-10 17:06:34.396 [INFO ] springfox.documentation.spring.web.plugins.DocumentationPluginsBootstrapper - Context refreshed
2020-12-10 17:06:34.411 [INFO ] springfox.documentation.spring.web.plugins.DocumentationPluginsBootstrapper - Found 1 custom documentation plugin(s)
2020-12-10 17:06:34.450 [INFO ] springfox.documentation.spring.web.scanners.ApiListingReferenceScanner - Scanning for api listing references
2020-12-10 17:06:34.586 [INFO ] com.source.boot - Started boot in 5.91 seconds (JVM running for 7.927)
2020-12-10 17:06:43.106 [INFO ] org.apache.catalina.core.ContainerBase.[Tomcat].[localhost].[/] - Initializing Spring DispatcherServlet 'dispatcherServlet'
2020-12-10 17:06:44.755 [INFO ] com.source.utils.Files - file:png
2020-12-10 17:06:44.759 [INFO ] com.source.system.service.impl.AliOssServiceImpl - fileimage
2020-12-10 17:07:06.763 [INFO ] com.source.boot - Starting boot on DESKTOP-5EB3B7K with PID 29732 (E:\source\cloud-manage\manage-web\target\classes started by MI in E:\source\cloud-manage)
2020-12-10 17:07:06.768 [INFO ] com.source.boot - No active profile set, falling back to default profiles: default
2020-12-10 17:07:08.340 [INFO ] org.springframework.boot.web.embedded.tomcat.TomcatWebServer - Tomcat initialized with port(s): 8081 (http)
2020-12-10 17:07:08.348 [INFO ] org.apache.coyote.http11.Http11NioProtocol - Initializing ProtocolHandler ["http-nio-8081"]
2020-12-10 17:07:08.349 [INFO ] org.apache.catalina.core.StandardService - Starting service [Tomcat]
2020-12-10 17:07:08.349 [INFO ] org.apache.catalina.core.StandardEngine - Starting Servlet engine: [Apache Tomcat/9.0.37]
2020-12-10 17:07:08.521 [INFO ] org.apache.catalina.core.ContainerBase.[Tomcat].[localhost].[/] - Initializing Spring embedded WebApplicationContext
2020-12-10 17:07:08.521 [INFO ] org.springframework.boot.web.servlet.context.ServletWebServerApplicationContext - Root WebApplicationContext: initialization completed in 1685 ms
2020-12-10 17:07:10.955 [INFO ] springfox.documentation.spring.web.PropertySourcedRequestMappingHandlerMapping - Mapped URL path [/v2/api-docs] onto method [springfox.documentation.swagger2.web.Swagger2Controller#getDocumentation(String, HttpServletRequest)]
2020-12-10 17:07:11.028 [INFO ] org.springframework.scheduling.concurrent.ThreadPoolTaskExecutor - Initializing ExecutorService 'applicationTaskExecutor'
2020-12-10 17:07:11.202 [INFO ] org.apache.coyote.http11.Http11NioProtocol - Starting ProtocolHandler ["http-nio-8081"]
2020-12-10 17:07:11.225 [INFO ] org.springframework.boot.web.embedded.tomcat.TomcatWebServer - Tomcat started on port(s): 8081 (http) with context path ''
2020-12-10 17:07:11.226 [INFO ] springfox.documentation.spring.web.plugins.DocumentationPluginsBootstrapper - Context refreshed
2020-12-10 17:07:11.239 [INFO ] springfox.documentation.spring.web.plugins.DocumentationPluginsBootstrapper - Found 1 custom documentation plugin(s)
2020-12-10 17:07:11.271 [INFO ] springfox.documentation.spring.web.scanners.ApiListingReferenceScanner - Scanning for api listing references
2020-12-10 17:07:11.398 [INFO ] com.source.boot - Started boot in 5.251 seconds (JVM running for 7.208)
2020-12-10 17:07:16.797 [INFO ] org.apache.catalina.core.ContainerBase.[Tomcat].[localhost].[/] - Initializing Spring DispatcherServlet 'dispatcherServlet'
2020-12-10 17:07:18.314 [INFO ] com.source.utils.Files - file:png
2020-12-10 17:07:18.318 [INFO ] com.source.system.service.impl.AliOssServiceImpl - fileimage
2020-12-10 17:08:34.542 [INFO ] com.source.boot - Starting boot on DESKTOP-5EB3B7K with PID 34424 (E:\source\cloud-manage\manage-web\target\classes started by MI in E:\source\cloud-manage)
2020-12-10 17:08:34.546 [INFO ] com.source.boot - No active profile set, falling back to default profiles: default
2020-12-10 17:08:36.157 [INFO ] org.springframework.boot.web.embedded.tomcat.TomcatWebServer - Tomcat initialized with port(s): 8081 (http)
2020-12-10 17:08:36.165 [INFO ] org.apache.coyote.http11.Http11NioProtocol - Initializing ProtocolHandler ["http-nio-8081"]
2020-12-10 17:08:36.166 [INFO ] org.apache.catalina.core.StandardService - Starting service [Tomcat]
2020-12-10 17:08:36.166 [INFO ] org.apache.catalina.core.StandardEngine - Starting Servlet engine: [Apache Tomcat/9.0.37]
2020-12-10 17:08:36.333 [INFO ] org.apache.catalina.core.ContainerBase.[Tomcat].[localhost].[/] - Initializing Spring embedded WebApplicationContext
2020-12-10 17:08:36.334 [INFO ] org.springframework.boot.web.servlet.context.ServletWebServerApplicationContext - Root WebApplicationContext: initialization completed in 1722 ms
2020-12-10 17:08:38.796 [INFO ] springfox.documentation.spring.web.PropertySourcedRequestMappingHandlerMapping - Mapped URL path [/v2/api-docs] onto method [springfox.documentation.swagger2.web.Swagger2Controller#getDocumentation(String, HttpServletRequest)]
2020-12-10 17:08:38.868 [INFO ] org.springframework.scheduling.concurrent.ThreadPoolTaskExecutor - Initializing ExecutorService 'applicationTaskExecutor'
2020-12-10 17:08:39.048 [INFO ] org.apache.coyote.http11.Http11NioProtocol - Starting ProtocolHandler ["http-nio-8081"]
2020-12-10 17:08:39.069 [INFO ] org.springframework.boot.web.embedded.tomcat.TomcatWebServer - Tomcat started on port(s): 8081 (http) with context path ''
2020-12-10 17:08:39.070 [INFO ] springfox.documentation.spring.web.plugins.DocumentationPluginsBootstrapper - Context refreshed
2020-12-10 17:08:39.085 [INFO ] springfox.documentation.spring.web.plugins.DocumentationPluginsBootstrapper - Found 1 custom documentation plugin(s)
2020-12-10 17:08:39.121 [INFO ] springfox.documentation.spring.web.scanners.ApiListingReferenceScanner - Scanning for api listing references
2020-12-10 17:08:39.250 [INFO ] com.source.boot - Started boot in 5.309 seconds (JVM running for 7.229)
2020-12-10 17:08:51.808 [INFO ] org.apache.catalina.core.ContainerBase.[Tomcat].[localhost].[/] - Initializing Spring DispatcherServlet 'dispatcherServlet'
2020-12-10 17:08:53.311 [INFO ] com.source.utils.Files - file:png
2020-12-10 17:08:53.316 [INFO ] com.source.system.service.impl.AliOssServiceImpl - fileimage
2020-12-10 17:22:48.123 [INFO ] com.source.boot - Starting boot on DESKTOP-5EB3B7K with PID 29784 (E:\source\cloud-manage\manage-web\target\classes started by MI in E:\source\cloud-manage)
2020-12-10 17:22:48.128 [INFO ] com.source.boot - No active profile set, falling back to default profiles: default
2020-12-10 17:22:49.632 [INFO ] org.springframework.boot.web.embedded.tomcat.TomcatWebServer - Tomcat initialized with port(s): 8081 (http)
2020-12-10 17:22:49.641 [INFO ] org.apache.coyote.http11.Http11NioProtocol - Initializing ProtocolHandler ["http-nio-8081"]
2020-12-10 17:22:49.642 [INFO ] org.apache.catalina.core.StandardService - Starting service [Tomcat]
2020-12-10 17:22:49.642 [INFO ] org.apache.catalina.core.StandardEngine - Starting Servlet engine: [Apache Tomcat/9.0.37]
2020-12-10 17:22:49.805 [INFO ] org.apache.catalina.core.ContainerBase.[Tomcat].[localhost].[/] - Initializing Spring embedded WebApplicationContext
2020-12-10 17:22:49.806 [INFO ] org.springframework.boot.web.servlet.context.ServletWebServerApplicationContext - Root WebApplicationContext: initialization completed in 1611 ms
2020-12-10 17:22:52.126 [INFO ] springfox.documentation.spring.web.PropertySourcedRequestMappingHandlerMapping - Mapped URL path [/v2/api-docs] onto method [springfox.documentation.swagger2.web.Swagger2Controller#getDocumentation(String, HttpServletRequest)]
2020-12-10 17:22:52.198 [INFO ] org.springframework.scheduling.concurrent.ThreadPoolTaskExecutor - Initializing ExecutorService 'applicationTaskExecutor'
2020-12-10 17:22:52.364 [INFO ] org.apache.coyote.http11.Http11NioProtocol - Starting ProtocolHandler ["http-nio-8081"]
2020-12-10 17:22:52.386 [INFO ] org.springframework.boot.web.embedded.tomcat.TomcatWebServer - Tomcat started on port(s): 8081 (http) with context path ''
2020-12-10 17:22:52.387 [INFO ] springfox.documentation.spring.web.plugins.DocumentationPluginsBootstrapper - Context refreshed
2020-12-10 17:22:52.399 [INFO ] springfox.documentation.spring.web.plugins.DocumentationPluginsBootstrapper - Found 1 custom documentation plugin(s)
2020-12-10 17:22:52.432 [INFO ] springfox.documentation.spring.web.scanners.ApiListingReferenceScanner - Scanning for api listing references
2020-12-10 17:22:52.556 [INFO ] com.source.boot - Started boot in 5.021 seconds (JVM running for 6.863)
2020-12-10 17:22:56.844 [INFO ] org.apache.catalina.core.ContainerBase.[Tomcat].[localhost].[/] - Initializing Spring DispatcherServlet 'dispatcherServlet'
2020-12-10 17:22:58.417 [INFO ] com.source.utils.Files - file:png
2020-12-10 17:22:58.423 [INFO ] com.source.system.service.impl.AliOssServiceImpl - fileimage
2020-12-10 17:25:03.812 [INFO ] com.source.boot - Starting boot on DESKTOP-5EB3B7K with PID 15800 (E:\source\cloud-manage\manage-web\target\classes started by MI in E:\source\cloud-manage)
2020-12-10 17:25:03.816 [INFO ] com.source.boot - No active profile set, falling back to default profiles: default
2020-12-10 17:25:05.346 [INFO ] org.springframework.boot.web.embedded.tomcat.TomcatWebServer - Tomcat initialized with port(s): 8081 (http)
2020-12-10 17:25:05.355 [INFO ] org.apache.coyote.http11.Http11NioProtocol - Initializing ProtocolHandler ["http-nio-8081"]
2020-12-10 17:25:05.356 [INFO ] org.apache.catalina.core.StandardService - Starting service [Tomcat]
2020-12-10 17:25:05.356 [INFO ] org.apache.catalina.core.StandardEngine - Starting Servlet engine: [Apache Tomcat/9.0.37]
2020-12-10 17:25:05.530 [INFO ] org.apache.catalina.core.ContainerBase.[Tomcat].[localhost].[/] - Initializing Spring embedded WebApplicationContext
2020-12-10 17:25:05.531 [INFO ] org.springframework.boot.web.servlet.context.ServletWebServerApplicationContext - Root WebApplicationContext: initialization completed in 1644 ms
2020-12-10 17:25:07.931 [INFO ] springfox.documentation.spring.web.PropertySourcedRequestMappingHandlerMapping - Mapped URL path [/v2/api-docs] onto method [springfox.documentation.swagger2.web.Swagger2Controller#getDocumentation(String, HttpServletRequest)]
2020-12-10 17:25:08.008 [INFO ] org.springframework.scheduling.concurrent.ThreadPoolTaskExecutor - Initializing ExecutorService 'applicationTaskExecutor'
2020-12-10 17:25:08.190 [INFO ] org.apache.coyote.http11.Http11NioProtocol - Starting ProtocolHandler ["http-nio-8081"]
2020-12-10 17:25:08.213 [INFO ] org.springframework.boot.web.embedded.tomcat.TomcatWebServer - Tomcat started on port(s): 8081 (http) with context path ''
2020-12-10 17:25:08.214 [INFO ] springfox.documentation.spring.web.plugins.DocumentationPluginsBootstrapper - Context refreshed
2020-12-10 17:25:08.228 [INFO ] springfox.documentation.spring.web.plugins.DocumentationPluginsBootstrapper - Found 1 custom documentation plugin(s)
2020-12-10 17:25:08.260 [INFO ] springfox.documentation.spring.web.scanners.ApiListingReferenceScanner - Scanning for api listing references
2020-12-10 17:25:08.385 [INFO ] com.source.boot - Started boot in 5.154 seconds (JVM running for 7.087)
2020-12-10 17:25:16.525 [INFO ] org.apache.catalina.core.ContainerBase.[Tomcat].[localhost].[/] - Initializing Spring DispatcherServlet 'dispatcherServlet'
2020-12-10 17:25:18.037 [INFO ] com.source.utils.Files - file:png
2020-12-10 17:25:18.041 [INFO ] com.source.system.service.impl.AliOssServiceImpl - fileimage
2020-12-10 17:26:55.399 [INFO ] com.source.boot - Starting boot on DESKTOP-5EB3B7K with PID 27820 (E:\source\cloud-manage\manage-web\target\classes started by MI in E:\source\cloud-manage)
2020-12-10 17:26:55.403 [INFO ] com.source.boot - No active profile set, falling back to default profiles: default
2020-12-10 17:26:56.950 [INFO ] org.springframework.boot.web.embedded.tomcat.TomcatWebServer - Tomcat initialized with port(s): 8081 (http)
2020-12-10 17:26:56.959 [INFO ] org.apache.coyote.http11.Http11NioProtocol - Initializing ProtocolHandler ["http-nio-8081"]
2020-12-10 17:26:56.959 [INFO ] org.apache.catalina.core.StandardService - Starting service [Tomcat]
2020-12-10 17:26:56.960 [INFO ] org.apache.catalina.core.StandardEngine - Starting Servlet engine: [Apache Tomcat/9.0.37]
2020-12-10 17:26:57.119 [INFO ] org.apache.catalina.core.ContainerBase.[Tomcat].[localhost].[/] - Initializing Spring embedded WebApplicationContext
2020-12-10 17:26:57.120 [INFO ] org.springframework.boot.web.servlet.context.ServletWebServerApplicationContext - Root WebApplicationContext: initialization completed in 1649 ms
2020-12-10 17:26:59.516 [INFO ] springfox.documentation.spring.web.PropertySourcedRequestMappingHandlerMapping - Mapped URL path [/v2/api-docs] onto method [springfox.documentation.swagger2.web.Swagger2Controller#getDocumentation(String, HttpServletRequest)]
2020-12-10 17:26:59.590 [INFO ] org.springframework.scheduling.concurrent.ThreadPoolTaskExecutor - Initializing ExecutorService 'applicationTaskExecutor'
2020-12-10 17:26:59.760 [INFO ] org.apache.coyote.http11.Http11NioProtocol - Starting ProtocolHandler ["http-nio-8081"]
2020-12-10 17:26:59.782 [INFO ] org.springframework.boot.web.embedded.tomcat.TomcatWebServer - Tomcat started on port(s): 8081 (http) with context path ''
2020-12-10 17:26:59.783 [INFO ] springfox.documentation.spring.web.plugins.DocumentationPluginsBootstrapper - Context refreshed
2020-12-10 17:26:59.795 [INFO ] springfox.documentation.spring.web.plugins.DocumentationPluginsBootstrapper - Found 1 custom documentation plugin(s)
2020-12-10 17:26:59.827 [INFO ] springfox.documentation.spring.web.scanners.ApiListingReferenceScanner - Scanning for api listing references
2020-12-10 17:26:59.957 [INFO ] com.source.boot - Started boot in 5.144 seconds (JVM running for 7.033)
2020-12-10 17:27:09.343 [INFO ] org.apache.catalina.core.ContainerBase.[Tomcat].[localhost].[/] - Initializing Spring DispatcherServlet 'dispatcherServlet'
2020-12-10 17:27:10.850 [INFO ] com.source.utils.Files - file:png
2020-12-10 17:27:10.855 [INFO ] com.source.system.service.impl.AliOssServiceImpl - fileimage
2020-12-10 17:32:37.326 [INFO ] com.zaxxer.hikari.HikariDataSource - HikariPool-1 - Starting...
2020-12-10 17:32:37.615 [INFO ] com.zaxxer.hikari.HikariDataSource - HikariPool-1 - Start completed.
2020-12-10 17:51:23.067 [INFO ] com.source.boot - Starting boot on DESKTOP-5EB3B7K with PID 1968 (E:\source\cloud-manage\manage-web\target\classes started by MI in E:\source\cloud-manage)
2020-12-10 17:51:23.070 [INFO ] com.source.boot - No active profile set, falling back to default profiles: default
2020-12-10 17:51:24.695 [INFO ] org.springframework.boot.web.embedded.tomcat.TomcatWebServer - Tomcat initialized with port(s): 8081 (http)
2020-12-10 17:51:24.705 [INFO ] org.apache.coyote.http11.Http11NioProtocol - Initializing ProtocolHandler ["http-nio-8081"]
2020-12-10 17:51:24.706 [INFO ] org.apache.catalina.core.StandardService - Starting service [Tomcat]
2020-12-10 17:51:24.706 [INFO ] org.apache.catalina.core.StandardEngine - Starting Servlet engine: [Apache Tomcat/9.0.37]
2020-12-10 17:51:24.868 [INFO ] org.apache.catalina.core.ContainerBase.[Tomcat].[localhost].[/] - Initializing Spring embedded WebApplicationContext
2020-12-10 17:51:24.869 [INFO ] org.springframework.boot.web.servlet.context.ServletWebServerApplicationContext - Root WebApplicationContext: initialization completed in 1734 ms
2020-12-10 17:51:27.279 [INFO ] springfox.documentation.spring.web.PropertySourcedRequestMappingHandlerMapping - Mapped URL path [/v2/api-docs] onto method [springfox.documentation.swagger2.web.Swagger2Controller#getDocumentation(String, HttpServletRequest)]
2020-12-10 17:51:27.350 [INFO ] org.springframework.scheduling.concurrent.ThreadPoolTaskExecutor - Initializing ExecutorService 'applicationTaskExecutor'
2020-12-10 17:51:27.518 [INFO ] org.apache.coyote.http11.Http11NioProtocol - Starting ProtocolHandler ["http-nio-8081"]
2020-12-10 17:51:27.539 [INFO ] org.springframework.boot.web.embedded.tomcat.TomcatWebServer - Tomcat started on port(s): 8081 (http) with context path ''
2020-12-10 17:51:27.540 [INFO ] springfox.documentation.spring.web.plugins.DocumentationPluginsBootstrapper - Context refreshed
2020-12-10 17:51:27.553 [INFO ] springfox.documentation.spring.web.plugins.DocumentationPluginsBootstrapper - Found 1 custom documentation plugin(s)
2020-12-10 17:51:27.584 [INFO ] springfox.documentation.spring.web.scanners.ApiListingReferenceScanner - Scanning for api listing references
2020-12-10 17:51:27.708 [INFO ] com.source.boot - Started boot in 5.228 seconds (JVM running for 7.072)
2020-12-10 17:51:37.070 [INFO ] org.apache.catalina.core.ContainerBase.[Tomcat].[localhost].[/] - Initializing Spring DispatcherServlet 'dispatcherServlet'
2020-12-10 17:51:44.594 [INFO ] com.source.system.service.impl.AliOssServiceImpl - filenull
2020-12-10 17:53:21.037 [INFO ] com.source.system.service.impl.AliOssServiceImpl - filenull
2020-12-10 17:53:56.866 [INFO ] com.source.system.service.impl.AliOssServiceImpl - filenull
2020-12-10 17:58:08.078 [INFO ] com.zaxxer.hikari.HikariDataSource - HikariPool-1 - Starting...
2020-12-10 17:58:08.283 [INFO ] com.zaxxer.hikari.HikariDataSource - HikariPool-1 - Start completed.
2020-12-10 17:58:15.429 [INFO ] com.source.system.service.impl.AliOssServiceImpl - filenull
2020-12-10 17:59:31.463 [INFO ] com.source.system.service.impl.AliOssServiceImpl - filenull
2020-12-10 18:10:25.473 [INFO ] com.source.system.service.impl.AliOssServiceImpl - filenull
2020-12-10 18:52:43.224 [INFO ] generator.AliOssTest - Starting AliOssTest on DESKTOP-5EB3B7K with PID 32572 (started by MI in E:\source\cloud-manage\manage-web)
2020-12-10 18:52:43.229 [INFO ] generator.AliOssTest - No active profile set, falling back to default profiles: default
2020-12-10 18:52:48.462 [INFO ] springfox.documentation.spring.web.PropertySourcedRequestMappingHandlerMapping - Mapped URL path [/v2/api-docs] onto method [springfox.documentation.swagger2.web.Swagger2Controller#getDocumentation(String, HttpServletRequest)]
2020-12-10 18:52:48.831 [INFO ] org.springframework.scheduling.concurrent.ThreadPoolTaskExecutor - Initializing ExecutorService 'applicationTaskExecutor'
2020-12-10 18:52:49.374 [INFO ] springfox.documentation.spring.web.plugins.DocumentationPluginsBootstrapper - Context refreshed
2020-12-10 18:52:49.401 [INFO ] springfox.documentation.spring.web.plugins.DocumentationPluginsBootstrapper - Found 1 custom documentation plugin(s)
2020-12-10 18:52:49.456 [INFO ] springfox.documentation.spring.web.scanners.ApiListingReferenceScanner - Scanning for api listing references
2020-12-10 18:52:49.678 [INFO ] generator.AliOssTest - Started AliOssTest in 7.363 seconds (JVM running for 9.6)
2020-12-10 18:52:52.770 [INFO ] org.springframework.scheduling.concurrent.ThreadPoolTaskExecutor - Shutting down ExecutorService 'applicationTaskExecutor'
2020-12-10 18:57:26.080 [INFO ] generator.AliOssTest - Starting AliOssTest on DESKTOP-5EB3B7K with PID 17044 (started by MI in E:\source\cloud-manage\manage-web)
2020-12-10 18:57:26.082 [INFO ] generator.AliOssTest - No active profile set, falling back to default profiles: default
2020-12-10 18:57:31.186 [INFO ] springfox.documentation.spring.web.PropertySourcedRequestMappingHandlerMapping - Mapped URL path [/v2/api-docs] onto method [springfox.documentation.swagger2.web.Swagger2Controller#getDocumentation(String, HttpServletRequest)]
2020-12-10 18:57:31.597 [INFO ] org.springframework.scheduling.concurrent.ThreadPoolTaskExecutor - Initializing ExecutorService 'applicationTaskExecutor'
2020-12-10 18:57:32.085 [INFO ] springfox.documentation.spring.web.plugins.DocumentationPluginsBootstrapper - Context refreshed
2020-12-10 18:57:32.114 [INFO ] springfox.documentation.spring.web.plugins.DocumentationPluginsBootstrapper - Found 1 custom documentation plugin(s)
2020-12-10 18:57:32.174 [INFO ] springfox.documentation.spring.web.scanners.ApiListingReferenceScanner - Scanning for api listing references
2020-12-10 18:57:32.387 [INFO ] generator.AliOssTest - Started AliOssTest in 6.877 seconds (JVM running for 8.375)
2020-12-10 18:57:35.007 [INFO ] org.springframework.scheduling.concurrent.ThreadPoolTaskExecutor - Shutting down ExecutorService 'applicationTaskExecutor'
2020-12-10 19:07:56.842 [INFO ] com.source.boot - Starting boot on DESKTOP-5EB3B7K with PID 33808 (E:\source\cloud-manage\manage-web\target\classes started by MI in E:\source\cloud-manage)
2020-12-10 19:07:56.846 [INFO ] com.source.boot - No active profile set, falling back to default profiles: default
2020-12-10 19:07:58.433 [INFO ] org.springframework.boot.web.embedded.tomcat.TomcatWebServer - Tomcat initialized with port(s): 8081 (http)
2020-12-10 19:07:58.442 [INFO ] org.apache.coyote.http11.Http11NioProtocol - Initializing ProtocolHandler ["http-nio-8081"]
2020-12-10 19:07:58.443 [INFO ] org.apache.catalina.core.StandardService - Starting service [Tomcat]
2020-12-10 19:07:58.443 [INFO ] org.apache.catalina.core.StandardEngine - Starting Servlet engine: [Apache Tomcat/9.0.37]
2020-12-10 19:07:58.608 [INFO ] org.apache.catalina.core.ContainerBase.[Tomcat].[localhost].[/] - Initializing Spring embedded WebApplicationContext
2020-12-10 19:07:58.608 [INFO ] org.springframework.boot.web.servlet.context.ServletWebServerApplicationContext - Root WebApplicationContext: initialization completed in 1696 ms
2020-12-10 19:08:00.967 [INFO ] springfox.documentation.spring.web.PropertySourcedRequestMappingHandlerMapping - Mapped URL path [/v2/api-docs] onto method [springfox.documentation.swagger2.web.Swagger2Controller#getDocumentation(String, HttpServletRequest)]
2020-12-10 19:08:01.038 [INFO ] org.springframework.scheduling.concurrent.ThreadPoolTaskExecutor - Initializing ExecutorService 'applicationTaskExecutor'
2020-12-10 19:08:01.207 [INFO ] org.apache.coyote.http11.Http11NioProtocol - Starting ProtocolHandler ["http-nio-8081"]
2020-12-10 19:08:01.229 [INFO ] org.springframework.boot.web.embedded.tomcat.TomcatWebServer - Tomcat started on port(s): 8081 (http) with context path ''
2020-12-10 19:08:01.230 [INFO ] springfox.documentation.spring.web.plugins.DocumentationPluginsBootstrapper - Context refreshed
2020-12-10 19:08:01.242 [INFO ] springfox.documentation.spring.web.plugins.DocumentationPluginsBootstrapper - Found 1 custom documentation plugin(s)
2020-12-10 19:08:01.274 [INFO ] springfox.documentation.spring.web.scanners.ApiListingReferenceScanner - Scanning for api listing references
2020-12-10 19:08:01.397 [INFO ] com.source.boot - Started boot in 5.135 seconds (JVM running for 7.026)
2020-12-10 19:08:29.368 [INFO ] org.apache.catalina.core.ContainerBase.[Tomcat].[localhost].[/] - Initializing Spring DispatcherServlet 'dispatcherServlet'
2020-12-10 19:09:07.271 [INFO ] com.source.boot - Starting boot on DESKTOP-5EB3B7K with PID 6080 (E:\source\cloud-manage\manage-web\target\classes started by MI in E:\source\cloud-manage)
2020-12-10 19:09:07.275 [INFO ] com.source.boot - No active profile set, falling back to default profiles: default
2020-12-10 19:09:09.036 [INFO ] org.springframework.boot.web.embedded.tomcat.TomcatWebServer - Tomcat initialized with port(s): 8081 (http)
2020-12-10 19:09:09.046 [INFO ] org.apache.coyote.http11.Http11NioProtocol - Initializing ProtocolHandler ["http-nio-8081"]
2020-12-10 19:09:09.047 [INFO ] org.apache.catalina.core.StandardService - Starting service [Tomcat]
2020-12-10 19:09:09.047 [INFO ] org.apache.catalina.core.StandardEngine - Starting Servlet engine: [Apache Tomcat/9.0.37]
2020-12-10 19:09:09.226 [INFO ] org.apache.catalina.core.ContainerBase.[Tomcat].[localhost].[/] - Initializing Spring embedded WebApplicationContext
2020-12-10 19:09:09.226 [INFO ] org.springframework.boot.web.servlet.context.ServletWebServerApplicationContext - Root WebApplicationContext: initialization completed in 1846 ms
2020-12-10 19:09:11.811 [INFO ] springfox.documentation.spring.web.PropertySourcedRequestMappingHandlerMapping - Mapped URL path [/v2/api-docs] onto method [springfox.documentation.swagger2.web.Swagger2Controller#getDocumentation(String, HttpServletRequest)]
2020-12-10 19:09:11.886 [INFO ] org.springframework.scheduling.concurrent.ThreadPoolTaskExecutor - Initializing ExecutorService 'applicationTaskExecutor'
2020-12-10 19:09:12.091 [INFO ] org.apache.coyote.http11.Http11NioProtocol - Starting ProtocolHandler ["http-nio-8081"]
2020-12-10 19:09:12.121 [INFO ] org.springframework.boot.web.embedded.tomcat.TomcatWebServer - Tomcat started on port(s): 8081 (http) with context path ''
2020-12-10 19:09:12.122 [INFO ] springfox.documentation.spring.web.plugins.DocumentationPluginsBootstrapper - Context refreshed
2020-12-10 19:09:12.142 [INFO ] springfox.documentation.spring.web.plugins.DocumentationPluginsBootstrapper - Found 1 custom documentation plugin(s)
2020-12-10 19:09:12.184 [INFO ] springfox.documentation.spring.web.scanners.ApiListingReferenceScanner - Scanning for api listing references
2020-12-10 19:09:12.336 [INFO ] com.source.boot - Started boot in 5.74 seconds (JVM running for 7.834)
2020-12-10 19:09:17.698 [INFO ] org.apache.catalina.core.ContainerBase.[Tomcat].[localhost].[/] - Initializing Spring DispatcherServlet 'dispatcherServlet'
2020-12-10 19:09:30.195 [INFO ] com.source.system.service.impl.AliOssServiceImpl - fileorg.springframework.web.multipart.support.StandardMultipartHttpServletRequest$StandardMultipartFile@5f8cd6ca
2020-12-10 19:09:31.618 [INFO ] com.source.utils.Files - file:png
2020-12-10 19:09:31.623 [INFO ] com.source.system.service.impl.AliOssServiceImpl - fileimage
2020-12-10 19:09:38.087 [INFO ] com.zaxxer.hikari.HikariDataSource - HikariPool-1 - Starting...
2020-12-10 19:09:38.209 [INFO ] com.zaxxer.hikari.HikariDataSource - HikariPool-1 - Start completed.
2020-12-10 19:11:08.572 [INFO ] com.source.system.service.impl.AliOssServiceImpl - filenull
2020-12-10 19:11:33.494 [INFO ] com.source.system.service.impl.AliOssServiceImpl - filenull
2020-12-10 19:12:25.056 [INFO ] com.source.boot - Starting boot on DESKTOP-5EB3B7K with PID 26320 (E:\source\cloud-manage\manage-web\target\classes started by MI in E:\source\cloud-manage)
2020-12-10 19:12:25.061 [INFO ] com.source.boot - No active profile set, falling back to default profiles: default
2020-12-10 19:12:26.826 [INFO ] org.springframework.boot.web.embedded.tomcat.TomcatWebServer - Tomcat initialized with port(s): 8081 (http)
2020-12-10 19:12:26.835 [INFO ] org.apache.coyote.http11.Http11NioProtocol - Initializing ProtocolHandler ["http-nio-8081"]
2020-12-10 19:12:26.836 [INFO ] org.apache.catalina.core.StandardService - Starting service [Tomcat]
2020-12-10 19:12:26.836 [INFO ] org.apache.catalina.core.StandardEngine - Starting Servlet engine: [Apache Tomcat/9.0.37]
2020-12-10 19:12:27.022 [INFO ] org.apache.catalina.core.ContainerBase.[Tomcat].[localhost].[/] - Initializing Spring embedded WebApplicationContext
2020-12-10 19:12:27.022 [INFO ] org.springframework.boot.web.servlet.context.ServletWebServerApplicationContext - Root WebApplicationContext: initialization completed in 1892 ms
2020-12-10 19:12:29.635 [INFO ] springfox.documentation.spring.web.PropertySourcedRequestMappingHandlerMapping - Mapped URL path [/v2/api-docs] onto method [springfox.documentation.swagger2.web.Swagger2Controller#getDocumentation(String, HttpServletRequest)]
2020-12-10 19:12:29.720 [INFO ] org.springframework.scheduling.concurrent.ThreadPoolTaskExecutor - Initializing ExecutorService 'applicationTaskExecutor'
2020-12-10 19:12:29.908 [INFO ] org.apache.coyote.http11.Http11NioProtocol - Starting ProtocolHandler ["http-nio-8081"]
2020-12-10 19:12:29.933 [INFO ] org.springframework.boot.web.embedded.tomcat.TomcatWebServer - Tomcat started on port(s): 8081 (http) with context path ''
2020-12-10 19:12:29.934 [INFO ] springfox.documentation.spring.web.plugins.DocumentationPluginsBootstrapper - Context refreshed
2020-12-10 19:12:29.949 [INFO ] springfox.documentation.spring.web.plugins.DocumentationPluginsBootstrapper - Found 1 custom documentation plugin(s)
2020-12-10 19:12:29.982 [INFO ] springfox.documentation.spring.web.scanners.ApiListingReferenceScanner - Scanning for api listing references
2020-12-10 19:12:30.118 [INFO ] com.source.boot - Started boot in 5.735 seconds (JVM running for 7.853)
2020-12-10 19:12:36.618 [INFO ] org.apache.catalina.core.ContainerBase.[Tomcat].[localhost].[/] - Initializing Spring DispatcherServlet 'dispatcherServlet'
2020-12-10 19:12:36.738 [INFO ] com.zaxxer.hikari.HikariDataSource - HikariPool-1 - Starting...
2020-12-10 19:12:36.920 [INFO ] com.zaxxer.hikari.HikariDataSource - HikariPool-1 - Start completed.
2020-12-10 19:12:42.457 [INFO ] com.source.system.service.impl.AliOssServiceImpl - filenull
2020-12-10 19:13:00.592 [INFO ] com.source.system.service.impl.AliOssServiceImpl - filenull
2020-12-10 19:14:24.107 [INFO ] com.source.system.service.impl.AliOssServiceImpl - filenull
2020-12-10 19:16:43.359 [INFO ] com.source.boot - Starting boot on DESKTOP-5EB3B7K with PID 6288 (E:\source\cloud-manage\manage-web\target\classes started by MI in E:\source\cloud-manage)
2020-12-10 19:16:43.365 [INFO ] com.source.boot - No active profile set, falling back to default profiles: default
2020-12-10 19:16:44.899 [INFO ] org.springframework.boot.web.embedded.tomcat.TomcatWebServer - Tomcat initialized with port(s): 8081 (http)
2020-12-10 19:16:44.907 [INFO ] org.apache.coyote.http11.Http11NioProtocol - Initializing ProtocolHandler ["http-nio-8081"]
2020-12-10 19:16:44.908 [INFO ] org.apache.catalina.core.StandardService - Starting service [Tomcat]
2020-12-10 19:16:44.908 [INFO ] org.apache.catalina.core.StandardEngine - Starting Servlet engine: [Apache Tomcat/9.0.37]
2020-12-10 19:16:45.081 [INFO ] org.apache.catalina.core.ContainerBase.[Tomcat].[localhost].[/] - Initializing Spring embedded WebApplicationContext
2020-12-10 19:16:45.081 [INFO ] org.springframework.boot.web.servlet.context.ServletWebServerApplicationContext - Root WebApplicationContext: initialization completed in 1644 ms
2020-12-10 19:16:47.705 [INFO ] springfox.documentation.spring.web.PropertySourcedRequestMappingHandlerMapping - Mapped URL path [/v2/api-docs] onto method [springfox.documentation.swagger2.web.Swagger2Controller#getDocumentation(String, HttpServletRequest)]
2020-12-10 19:16:47.781 [INFO ] org.springframework.scheduling.concurrent.ThreadPoolTaskExecutor - Initializing ExecutorService 'applicationTaskExecutor'
2020-12-10 19:16:47.959 [INFO ] org.apache.coyote.http11.Http11NioProtocol - Starting ProtocolHandler ["http-nio-8081"]
2020-12-10 19:16:47.981 [INFO ] org.springframework.boot.web.embedded.tomcat.TomcatWebServer - Tomcat started on port(s): 8081 (http) with context path ''
2020-12-10 19:16:47.983 [INFO ] springfox.documentation.spring.web.plugins.DocumentationPluginsBootstrapper - Context refreshed
2020-12-10 19:16:47.995 [INFO ] springfox.documentation.spring.web.plugins.DocumentationPluginsBootstrapper - Found 1 custom documentation plugin(s)
2020-12-10 19:16:48.028 [INFO ] springfox.documentation.spring.web.scanners.ApiListingReferenceScanner - Scanning for api listing references
2020-12-10 19:16:48.158 [INFO ] com.source.boot - Started boot in 5.41 seconds (JVM running for 7.375)
2020-12-10 19:25:50.775 [INFO ] org.apache.catalina.core.ContainerBase.[Tomcat].[localhost].[/] - Initializing Spring DispatcherServlet 'dispatcherServlet'
2020-12-10 19:25:50.867 [INFO ] com.source.system.service.impl.AliOssServiceImpl - fileorg.springframework.web.multipart.support.StandardMultipartHttpServletRequest$StandardMultipartFile@696b63ff
2020-12-10 19:25:52.439 [INFO ] com.source.utils.Files - file:png
2020-12-10 19:25:52.444 [INFO ] com.source.system.service.impl.AliOssServiceImpl - fileimage
2020-12-10 19:29:40.467 [INFO ] com.source.system.service.impl.AliOssServiceImpl - filenull
2020-12-10 19:30:18.942 [INFO ] com.source.system.service.impl.AliOssServiceImpl - filenull
2020-12-10 19:31:48.882 [INFO ] com.source.boot - Starting boot on DESKTOP-5EB3B7K with PID 14780 (E:\source\cloud-manage\manage-web\target\classes started by MI in E:\source\cloud-manage)
2020-12-10 19:31:48.888 [INFO ] com.source.boot - No active profile set, falling back to default profiles: default
2020-12-10 19:31:50.564 [INFO ] org.springframework.boot.web.embedded.tomcat.TomcatWebServer - Tomcat initialized with port(s): 8081 (http)
2020-12-10 19:31:50.572 [INFO ] org.apache.coyote.http11.Http11NioProtocol - Initializing ProtocolHandler ["http-nio-8081"]
2020-12-10 19:31:50.572 [INFO ] org.apache.catalina.core.StandardService - Starting service [Tomcat]
2020-12-10 19:31:50.573 [INFO ] org.apache.catalina.core.StandardEngine - Starting Servlet engine: [Apache Tomcat/9.0.37]
2020-12-10 19:31:50.750 [INFO ] org.apache.catalina.core.ContainerBase.[Tomcat].[localhost].[/] - Initializing Spring embedded WebApplicationContext
2020-12-10 19:31:50.750 [INFO ] org.springframework.boot.web.servlet.context.ServletWebServerApplicationContext - Root WebApplicationContext: initialization completed in 1780 ms
2020-12-10 19:31:53.628 [INFO ] springfox.documentation.spring.web.PropertySourcedRequestMappingHandlerMapping - Mapped URL path [/v2/api-docs] onto method [springfox.documentation.swagger2.web.Swagger2Controller#getDocumentation(String, HttpServletRequest)]
2020-12-10 19:31:53.733 [INFO ] org.springframework.scheduling.concurrent.ThreadPoolTaskExecutor - Initializing ExecutorService 'applicationTaskExecutor'
2020-12-10 19:31:54.065 [INFO ] org.apache.coyote.http11.Http11NioProtocol - Starting ProtocolHandler ["http-nio-8081"]
2020-12-10 19:31:54.095 [INFO ] org.springframework.boot.web.embedded.tomcat.TomcatWebServer - Tomcat started on port(s): 8081 (http) with context path ''
2020-12-10 19:31:54.096 [INFO ] springfox.documentation.spring.web.plugins.DocumentationPluginsBootstrapper - Context refreshed
2020-12-10 19:31:54.117 [INFO ] springfox.documentation.spring.web.plugins.DocumentationPluginsBootstrapper - Found 1 custom documentation plugin(s)
2020-12-10 19:31:54.164 [INFO ] springfox.documentation.spring.web.scanners.ApiListingReferenceScanner - Scanning for api listing references
2020-12-10 19:31:54.444 [INFO ] com.source.boot - Started boot in 6.215 seconds (JVM running for 8.204)
2020-12-10 19:32:15.562 [INFO ] org.apache.catalina.core.ContainerBase.[Tomcat].[localhost].[/] - Initializing Spring DispatcherServlet 'dispatcherServlet'
2020-12-10 19:33:54.447 [INFO ] com.source.system.service.impl.AliOssServiceImpl - fileorg.springframework.web.multipart.support.StandardMultipartHttpServletRequest$StandardMultipartFile@7d0190f0
2020-12-10 19:33:55.944 [INFO ] com.source.utils.Files - file:jpg
2020-12-10 19:33:55.948 [INFO ] com.source.system.service.impl.AliOssServiceImpl - fileimage
2020-12-10 19:35:03.332 [INFO ] com.source.system.service.impl.AliOssServiceImpl - fileorg.springframework.web.multipart.support.StandardMultipartHttpServletRequest$StandardMultipartFile@4f6d2e12
2020-12-10 19:35:03.428 [INFO ] com.source.utils.Files - file:png
2020-12-10 19:35:03.428 [INFO ] com.source.system.service.impl.AliOssServiceImpl - fileimage
2020-12-10 19:37:15.721 [INFO ] com.zaxxer.hikari.HikariDataSource - HikariPool-1 - Starting...
2020-12-10 19:37:15.848 [INFO ] com.zaxxer.hikari.HikariDataSource - HikariPool-1 - Start completed.
2020-12-10 19:44:40.424 [INFO ] com.source.system.service.impl.AliOssServiceImpl - filenull
2020-12-10 19:56:25.916 [INFO ] com.source.system.service.impl.AliOssServiceImpl - filenull
2020-12-10 19:56:49.495 [INFO ] com.source.boot - Starting boot on DESKTOP-5EB3B7K with PID 29184 (E:\source\cloud-manage\manage-web\target\classes started by MI in E:\source\cloud-manage)
2020-12-10 19:56:49.500 [INFO ] com.source.boot - No active profile set, falling back to default profiles: default
2020-12-10 19:56:51.061 [INFO ] org.springframework.boot.web.embedded.tomcat.TomcatWebServer - Tomcat initialized with port(s): 8081 (http)
2020-12-10 19:56:51.069 [INFO ] org.apache.coyote.http11.Http11NioProtocol - Initializing ProtocolHandler ["http-nio-8081"]
2020-12-10 19:56:51.070 [INFO ] org.apache.catalina.core.StandardService - Starting service [Tomcat]
2020-12-10 19:56:51.070 [INFO ] org.apache.catalina.core.StandardEngine - Starting Servlet engine: [Apache Tomcat/9.0.37]
2020-12-10 19:56:51.241 [INFO ] org.apache.catalina.core.ContainerBase.[Tomcat].[localhost].[/] - Initializing Spring embedded WebApplicationContext
2020-12-10 19:56:51.241 [INFO ] org.springframework.boot.web.servlet.context.ServletWebServerApplicationContext - Root WebApplicationContext: initialization completed in 1668 ms
2020-12-10 19:56:53.752 [INFO ] springfox.documentation.spring.web.PropertySourcedRequestMappingHandlerMapping - Mapped URL path [/v2/api-docs] onto method [springfox.documentation.swagger2.web.Swagger2Controller#getDocumentation(String, HttpServletRequest)]
2020-12-10 19:56:53.841 [INFO ] org.springframework.scheduling.concurrent.ThreadPoolTaskExecutor - Initializing ExecutorService 'applicationTaskExecutor'
2020-12-10 19:56:54.044 [INFO ] org.apache.coyote.http11.Http11NioProtocol - Starting ProtocolHandler ["http-nio-8081"]
2020-12-10 19:56:54.069 [INFO ] org.springframework.boot.web.embedded.tomcat.TomcatWebServer - Tomcat started on port(s): 8081 (http) with context path ''
2020-12-10 19:56:54.070 [INFO ] springfox.documentation.spring.web.plugins.DocumentationPluginsBootstrapper - Context refreshed
2020-12-10 19:56:54.085 [INFO ] springfox.documentation.spring.web.plugins.DocumentationPluginsBootstrapper - Found 1 custom documentation plugin(s)
2020-12-10 19:56:54.130 [INFO ] springfox.documentation.spring.web.scanners.ApiListingReferenceScanner - Scanning for api listing references
2020-12-10 19:56:54.277 [INFO ] com.source.boot - Started boot in 5.38 seconds (JVM running for 7.291)
2020-12-10 19:57:04.057 [INFO ] org.apache.catalina.core.ContainerBase.[Tomcat].[localhost].[/] - Initializing Spring DispatcherServlet 'dispatcherServlet'
2020-12-10 19:57:04.183 [INFO ] com.zaxxer.hikari.HikariDataSource - HikariPool-1 - Starting...
2020-12-10 19:57:04.369 [INFO ] com.zaxxer.hikari.HikariDataSource - HikariPool-1 - Start completed.
2020-12-10 19:57:11.084 [INFO ] com.source.system.service.impl.AliOssServiceImpl - filenull
2020-12-10 19:58:57.884 [INFO ] com.source.system.service.impl.AliOssServiceImpl - filenull
2020-12-10 19:59:16.540 [INFO ] com.source.system.service.impl.AliOssServiceImpl - filenull
2020-12-10 19:59:32.230 [INFO ] com.source.system.service.impl.AliOssServiceImpl - filenull
2020-12-10 20:05:55.366 [INFO ] com.source.boot - Starting boot on DESKTOP-5EB3B7K with PID 30604 (E:\source\cloud-manage\manage-web\target\classes started by MI in E:\source\cloud-manage)
2020-12-10 20:05:55.371 [INFO ] com.source.boot - No active profile set, falling back to default profiles: default
2020-12-10 20:05:56.907 [INFO ] org.springframework.boot.web.embedded.tomcat.TomcatWebServer - Tomcat initialized with port(s): 8081 (http)
2020-12-10 20:05:56.914 [INFO ] org.apache.coyote.http11.Http11NioProtocol - Initializing ProtocolHandler ["http-nio-8081"]
2020-12-10 20:05:56.915 [INFO ] org.apache.catalina.core.StandardService - Starting service [Tomcat]
2020-12-10 20:05:56.916 [INFO ] org.apache.catalina.core.StandardEngine - Starting Servlet engine: [Apache Tomcat/9.0.37]
2020-12-10 20:05:57.085 [INFO ] org.apache.catalina.core.ContainerBase.[Tomcat].[localhost].[/] - Initializing Spring embedded WebApplicationContext
2020-12-10 20:05:57.085 [INFO ] org.springframework.boot.web.servlet.context.ServletWebServerApplicationContext - Root WebApplicationContext: initialization completed in 1636 ms
2020-12-10 20:05:59.594 [INFO ] springfox.documentation.spring.web.PropertySourcedRequestMappingHandlerMapping - Mapped URL path [/v2/api-docs] onto method [springfox.documentation.swagger2.web.Swagger2Controller#getDocumentation(String, HttpServletRequest)]
2020-12-10 20:05:59.687 [INFO ] org.springframework.scheduling.concurrent.ThreadPoolTaskExecutor - Initializing ExecutorService 'applicationTaskExecutor'
2020-12-10 20:05:59.910 [INFO ] org.apache.coyote.http11.Http11NioProtocol - Starting ProtocolHandler ["http-nio-8081"]
2020-12-10 20:05:59.939 [INFO ] org.springframework.boot.web.embedded.tomcat.TomcatWebServer - Tomcat started on port(s): 8081 (http) with context path ''
2020-12-10 20:05:59.941 [INFO ] springfox.documentation.spring.web.plugins.DocumentationPluginsBootstrapper - Context refreshed
2020-12-10 20:05:59.960 [INFO ] springfox.documentation.spring.web.plugins.DocumentationPluginsBootstrapper - Found 1 custom documentation plugin(s)
2020-12-10 20:05:59.998 [INFO ] springfox.documentation.spring.web.scanners.ApiListingReferenceScanner - Scanning for api listing references
2020-12-10 20:06:00.181 [INFO ] com.source.boot - Started boot in 5.494 seconds (JVM running for 7.414)
2020-12-10 20:06:09.537 [INFO ] org.apache.catalina.core.ContainerBase.[Tomcat].[localhost].[/] - Initializing Spring DispatcherServlet 'dispatcherServlet'
2020-12-10 20:07:49.648 [INFO ] com.source.system.controller.UploadFileController - fileName:org.springframework.web.multipart.support.StandardMultipartHttpServletRequest$StandardMultipartFile@715569c1
2020-12-10 20:07:49.648 [INFO ] com.source.system.service.impl.AliOssServiceImpl - fileorg.springframework.web.multipart.support.StandardMultipartHttpServletRequest$StandardMultipartFile@715569c1
2020-12-10 20:07:51.291 [INFO ] com.source.utils.Files - file:png
2020-12-10 20:07:51.296 [INFO ] com.source.system.service.impl.AliOssServiceImpl - fileimage
2020-12-10 20:27:00.509 [INFO ] com.source.system.controller.UploadFileController - fileName:org.springframework.web.multipart.support.StandardMultipartHttpServletRequest$StandardMultipartFile@198c9943
2020-12-10 20:27:00.509 [INFO ] com.source.system.service.impl.AliOssServiceImpl - fileorg.springframework.web.multipart.support.StandardMultipartHttpServletRequest$StandardMultipartFile@198c9943
2020-12-10 20:27:00.696 [INFO ] com.source.utils.Files - file:png
2020-12-10 20:27:00.696 [INFO ] com.source.system.service.impl.AliOssServiceImpl - fileimage
2020-12-10 20:30:18.647 [INFO ] com.source.system.controller.UploadFileController - fileName:org.springframework.web.multipart.support.StandardMultipartHttpServletRequest$StandardMultipartFile@3e594e15
2020-12-10 20:30:18.648 [INFO ] com.source.system.service.impl.AliOssServiceImpl - fileorg.springframework.web.multipart.support.StandardMultipartHttpServletRequest$StandardMultipartFile@3e594e15
2020-12-10 20:30:18.734 [INFO ] com.source.utils.Files - file:png
2020-12-10 20:30:18.735 [INFO ] com.source.system.service.impl.AliOssServiceImpl - fileimage
2020-12-10 20:33:31.126 [INFO ] com.source.system.controller.UploadFileController - fileName:org.springframework.web.multipart.support.StandardMultipartHttpServletRequest$StandardMultipartFile@66d5b0b2
2020-12-10 20:33:31.126 [INFO ] com.source.system.service.impl.AliOssServiceImpl - fileorg.springframework.web.multipart.support.StandardMultipartHttpServletRequest$StandardMultipartFile@66d5b0b2
2020-12-10 20:33:31.177 [INFO ] com.source.utils.Files - file:png
2020-12-10 20:33:31.178 [INFO ] com.source.system.service.impl.AliOssServiceImpl - fileimage
2020-12-10 20:35:03.667 [INFO ] com.source.system.controller.UploadFileController - fileName:org.springframework.web.multipart.support.StandardMultipartHttpServletRequest$StandardMultipartFile@119b88ad
2020-12-10 20:35:03.668 [INFO ] com.source.system.service.impl.AliOssServiceImpl - fileorg.springframework.web.multipart.support.StandardMultipartHttpServletRequest$StandardMultipartFile@119b88ad
2020-12-10 20:35:03.723 [INFO ] com.source.utils.Files - file:png
2020-12-10 20:35:03.724 [INFO ] com.source.system.service.impl.AliOssServiceImpl - fileimage
2020-12-10 20:35:21.208 [INFO ] com.source.system.controller.UploadFileController - fileName:org.springframework.web.multipart.support.StandardMultipartHttpServletRequest$StandardMultipartFile@204b23f9
2020-12-10 20:35:21.208 [INFO ] com.source.system.service.impl.AliOssServiceImpl - fileorg.springframework.web.multipart.support.StandardMultipartHttpServletRequest$StandardMultipartFile@204b23f9
2020-12-10 20:35:21.272 [INFO ] com.source.utils.Files - file:png
2020-12-10 20:35:21.272 [INFO ] com.source.system.service.impl.AliOssServiceImpl - fileimage
2020-12-10 20:37:49.354 [INFO ] com.zaxxer.hikari.HikariDataSource - HikariPool-1 - Starting...
2020-12-10 20:37:49.510 [INFO ] com.zaxxer.hikari.HikariDataSource - HikariPool-1 - Start completed.
2020-12-10 20:37:56.890 [INFO ] com.source.system.controller.UploadFileController - fileName:org.springframework.web.multipart.support.StandardMultipartHttpServletRequest$StandardMultipartFile@5c8a7e27
2020-12-10 20:37:56.891 [INFO ] com.source.system.service.impl.AliOssServiceImpl - fileorg.springframework.web.multipart.support.StandardMultipartHttpServletRequest$StandardMultipartFile@5c8a7e27
2020-12-10 20:37:56.958 [INFO ] com.source.utils.Files - file:jpg
2020-12-10 20:37:56.959 [INFO ] com.source.system.service.impl.AliOssServiceImpl - fileimage
2020-12-10 20:39:38.745 [INFO ] com.source.system.controller.UploadFileController - fileName:org.springframework.web.multipart.support.StandardMultipartHttpServletRequest$StandardMultipartFile@7bd2d74e
2020-12-10 20:39:38.745 [INFO ] com.source.system.service.impl.AliOssServiceImpl - fileorg.springframework.web.multipart.support.StandardMultipartHttpServletRequest$StandardMultipartFile@7bd2d74e
2020-12-10 20:39:38.779 [INFO ] com.source.utils.Files - file:png
2020-12-10 20:39:38.779 [INFO ] com.source.system.service.impl.AliOssServiceImpl - fileimage
2020-12-10 20:47:16.763 [INFO ] com.source.system.controller.UploadFileController - fileName:org.springframework.web.multipart.support.StandardMultipartHttpServletRequest$StandardMultipartFile@39242111
2020-12-10 20:47:16.764 [INFO ] com.source.system.service.impl.AliOssServiceImpl - fileorg.springframework.web.multipart.support.StandardMultipartHttpServletRequest$StandardMultipartFile@39242111
2020-12-10 20:47:16.826 [INFO ] com.source.utils.Files - file:png
2020-12-10 20:47:16.826 [INFO ] com.source.system.service.impl.AliOssServiceImpl - fileimage
2020-12-10 20:52:38.513 [INFO ] com.source.system.controller.UploadFileController - fileName:org.springframework.web.multipart.support.StandardMultipartHttpServletRequest$StandardMultipartFile@1b18f487
2020-12-10 20:52:38.514 [INFO ] com.source.system.service.impl.AliOssServiceImpl - fileorg.springframework.web.multipart.support.StandardMultipartHttpServletRequest$StandardMultipartFile@1b18f487
2020-12-10 20:52:38.618 [INFO ] com.source.utils.Files - file:png
2020-12-10 20:52:38.619 [INFO ] com.source.system.service.impl.AliOssServiceImpl - fileimage
2020-12-10 20:55:58.527 [INFO ] com.source.system.controller.UploadFileController - fileName:org.springframework.web.multipart.support.StandardMultipartHttpServletRequest$StandardMultipartFile@53848744
2020-12-10 20:55:58.528 [INFO ] com.source.system.service.impl.AliOssServiceImpl - fileorg.springframework.web.multipart.support.StandardMultipartHttpServletRequest$StandardMultipartFile@53848744
2020-12-10 20:55:58.591 [INFO ] com.source.utils.Files - file:png
2020-12-10 20:55:58.591 [INFO ] com.source.system.service.impl.AliOssServiceImpl - fileimage
