2020-12-11 09:00:53.603 [INFO ] com.source.system.controller.UploadFileController - fileName:org.springframework.web.multipart.support.StandardMultipartHttpServletRequest$StandardMultipartFile@4ed6b5f4
2020-12-11 09:00:53.605 [INFO ] com.source.system.service.impl.AliOssServiceImpl - fileorg.springframework.web.multipart.support.StandardMultipartHttpServletRequest$StandardMultipartFile@4ed6b5f4
2020-12-11 09:00:53.764 [INFO ] com.source.utils.Files - file:png
2020-12-11 09:00:53.765 [INFO ] com.source.system.service.impl.AliOssServiceImpl - fileimage
2020-12-11 09:02:54.527 [INFO ] com.source.system.controller.UploadFileController - fileName:org.springframework.web.multipart.support.StandardMultipartHttpServletRequest$StandardMultipartFile@59844880
2020-12-11 09:02:54.528 [INFO ] com.source.system.service.impl.AliOssServiceImpl - fileorg.springframework.web.multipart.support.StandardMultipartHttpServletRequest$StandardMultipartFile@59844880
2020-12-11 09:02:54.583 [INFO ] com.source.utils.Files - file:png
2020-12-11 09:02:54.584 [INFO ] com.source.system.service.impl.AliOssServiceImpl - fileimage
2020-12-11 09:05:18.887 [INFO ] com.source.system.controller.UploadFileController - fileName:org.springframework.web.multipart.support.StandardMultipartHttpServletRequest$StandardMultipartFile@7ad355a
2020-12-11 09:05:18.888 [INFO ] com.source.system.service.impl.AliOssServiceImpl - fileorg.springframework.web.multipart.support.StandardMultipartHttpServletRequest$StandardMultipartFile@7ad355a
2020-12-11 09:05:18.959 [INFO ] com.source.utils.Files - file:png
2020-12-11 09:05:18.960 [INFO ] com.source.system.service.impl.AliOssServiceImpl - fileimage
2020-12-11 09:10:34.847 [INFO ] com.source.system.controller.UploadFileController - fileName:org.springframework.web.multipart.support.StandardMultipartHttpServletRequest$StandardMultipartFile@36635401
2020-12-11 09:10:34.847 [INFO ] com.source.system.service.impl.AliOssServiceImpl - fileorg.springframework.web.multipart.support.StandardMultipartHttpServletRequest$StandardMultipartFile@36635401
2020-12-11 09:10:34.940 [INFO ] com.source.utils.Files - file:png
2020-12-11 09:10:34.941 [INFO ] com.source.system.service.impl.AliOssServiceImpl - fileimage
2020-12-11 09:10:47.458 [INFO ] com.source.system.controller.UploadFileController - fileName:org.springframework.web.multipart.support.StandardMultipartHttpServletRequest$StandardMultipartFile@115f6c7
2020-12-11 09:10:47.459 [INFO ] com.source.system.service.impl.AliOssServiceImpl - fileorg.springframework.web.multipart.support.StandardMultipartHttpServletRequest$StandardMultipartFile@115f6c7
2020-12-11 09:10:47.514 [INFO ] com.source.utils.Files - file:png
2020-12-11 09:10:47.515 [INFO ] com.source.system.service.impl.AliOssServiceImpl - fileimage
2020-12-11 09:12:13.937 [INFO ] com.source.system.controller.UploadFileController - fileName:org.springframework.web.multipart.support.StandardMultipartHttpServletRequest$StandardMultipartFile@70f0c2e0
2020-12-11 09:12:13.937 [INFO ] com.source.system.service.impl.AliOssServiceImpl - fileorg.springframework.web.multipart.support.StandardMultipartHttpServletRequest$StandardMultipartFile@70f0c2e0
2020-12-11 09:12:14.076 [INFO ] com.source.utils.Files - file:png
2020-12-11 09:12:14.077 [INFO ] com.source.system.service.impl.AliOssServiceImpl - fileimage
2020-12-11 09:12:26.563 [INFO ] com.source.system.controller.UploadFileController - fileName:org.springframework.web.multipart.support.StandardMultipartHttpServletRequest$StandardMultipartFile@5ced421b
2020-12-11 09:12:26.564 [INFO ] com.source.system.service.impl.AliOssServiceImpl - fileorg.springframework.web.multipart.support.StandardMultipartHttpServletRequest$StandardMultipartFile@5ced421b
2020-12-11 09:12:26.607 [INFO ] com.source.utils.Files - file:png
2020-12-11 09:12:26.608 [INFO ] com.source.system.service.impl.AliOssServiceImpl - fileimage
2020-12-11 09:12:45.272 [INFO ] com.source.system.controller.UploadFileController - fileName:org.springframework.web.multipart.support.StandardMultipartHttpServletRequest$StandardMultipartFile@1cda5145
2020-12-11 09:12:45.273 [INFO ] com.source.system.service.impl.AliOssServiceImpl - fileorg.springframework.web.multipart.support.StandardMultipartHttpServletRequest$StandardMultipartFile@1cda5145
2020-12-11 09:12:45.342 [INFO ] com.source.utils.Files - file:png
2020-12-11 09:12:45.342 [INFO ] com.source.system.service.impl.AliOssServiceImpl - fileimage
2020-12-11 09:13:16.507 [INFO ] com.source.system.controller.UploadFileController - fileName:org.springframework.web.multipart.support.StandardMultipartHttpServletRequest$StandardMultipartFile@1f5d5bb
2020-12-11 09:13:16.507 [INFO ] com.source.system.service.impl.AliOssServiceImpl - fileorg.springframework.web.multipart.support.StandardMultipartHttpServletRequest$StandardMultipartFile@1f5d5bb
2020-12-11 09:13:16.571 [INFO ] com.source.utils.Files - file:png
2020-12-11 09:13:16.571 [INFO ] com.source.system.service.impl.AliOssServiceImpl - fileimage
2020-12-11 09:14:23.255 [INFO ] com.source.system.controller.UploadFileController - fileName:org.springframework.web.multipart.support.StandardMultipartHttpServletRequest$StandardMultipartFile@273c6507
2020-12-11 09:14:23.255 [INFO ] com.source.system.service.impl.AliOssServiceImpl - fileorg.springframework.web.multipart.support.StandardMultipartHttpServletRequest$StandardMultipartFile@273c6507
2020-12-11 09:14:23.349 [INFO ] com.source.utils.Files - file:png
2020-12-11 09:14:23.349 [INFO ] com.source.system.service.impl.AliOssServiceImpl - fileimage
2020-12-11 09:15:19.770 [INFO ] com.source.system.controller.UploadFileController - fileName:org.springframework.web.multipart.support.StandardMultipartHttpServletRequest$StandardMultipartFile@236b4142
2020-12-11 09:15:19.770 [INFO ] com.source.system.service.impl.AliOssServiceImpl - fileorg.springframework.web.multipart.support.StandardMultipartHttpServletRequest$StandardMultipartFile@236b4142
2020-12-11 09:15:19.845 [INFO ] com.source.utils.Files - file:png
2020-12-11 09:15:19.845 [INFO ] com.source.system.service.impl.AliOssServiceImpl - fileimage
2020-12-11 09:16:04.466 [INFO ] com.source.system.controller.UploadFileController - fileName:org.springframework.web.multipart.support.StandardMultipartHttpServletRequest$StandardMultipartFile@46ddce59
2020-12-11 09:16:04.466 [INFO ] com.source.system.service.impl.AliOssServiceImpl - fileorg.springframework.web.multipart.support.StandardMultipartHttpServletRequest$StandardMultipartFile@46ddce59
2020-12-11 09:16:04.521 [INFO ] com.source.utils.Files - file:png
2020-12-11 09:16:04.522 [INFO ] com.source.system.service.impl.AliOssServiceImpl - fileimage
2020-12-11 09:18:41.713 [INFO ] com.source.system.controller.UploadFileController - fileName:org.springframework.web.multipart.support.StandardMultipartHttpServletRequest$StandardMultipartFile@191bb2f
2020-12-11 09:18:41.713 [INFO ] com.source.system.service.impl.AliOssServiceImpl - fileorg.springframework.web.multipart.support.StandardMultipartHttpServletRequest$StandardMultipartFile@191bb2f
2020-12-11 09:18:41.792 [INFO ] com.source.utils.Files - file:png
2020-12-11 09:18:41.792 [INFO ] com.source.system.service.impl.AliOssServiceImpl - fileimage
2020-12-11 09:19:04.784 [INFO ] com.source.system.controller.UploadFileController - fileName:org.springframework.web.multipart.support.StandardMultipartHttpServletRequest$StandardMultipartFile@19c951f2
2020-12-11 09:19:04.785 [INFO ] com.source.system.service.impl.AliOssServiceImpl - fileorg.springframework.web.multipart.support.StandardMultipartHttpServletRequest$StandardMultipartFile@19c951f2
2020-12-11 09:19:04.854 [INFO ] com.source.utils.Files - file:png
2020-12-11 09:19:04.855 [INFO ] com.source.system.service.impl.AliOssServiceImpl - fileimage
2020-12-11 09:19:34.257 [INFO ] com.source.system.controller.UploadFileController - fileName:org.springframework.web.multipart.support.StandardMultipartHttpServletRequest$StandardMultipartFile@47ee6f27
2020-12-11 09:19:34.257 [INFO ] com.source.system.service.impl.AliOssServiceImpl - fileorg.springframework.web.multipart.support.StandardMultipartHttpServletRequest$StandardMultipartFile@47ee6f27
2020-12-11 09:19:34.549 [INFO ] com.source.utils.Files - file:png
2020-12-11 09:19:34.550 [INFO ] com.source.system.service.impl.AliOssServiceImpl - fileimage
2020-12-11 09:58:10.205 [INFO ] com.source.system.controller.UploadFileController - fileName:org.springframework.web.multipart.support.StandardMultipartHttpServletRequest$StandardMultipartFile@15898482
2020-12-11 09:58:10.206 [INFO ] com.source.system.service.impl.AliOssServiceImpl - fileorg.springframework.web.multipart.support.StandardMultipartHttpServletRequest$StandardMultipartFile@15898482
2020-12-11 09:58:10.328 [INFO ] com.source.utils.Files - file:png
2020-12-11 09:58:10.328 [INFO ] com.source.system.service.impl.AliOssServiceImpl - fileimage
2020-12-11 09:58:55.683 [INFO ] com.source.system.controller.UploadFileController - fileName:org.springframework.web.multipart.support.StandardMultipartHttpServletRequest$StandardMultipartFile@2b44ccc4
2020-12-11 09:58:55.684 [INFO ] com.source.system.service.impl.AliOssServiceImpl - fileorg.springframework.web.multipart.support.StandardMultipartHttpServletRequest$StandardMultipartFile@2b44ccc4
2020-12-11 09:59:34.315 [INFO ] com.source.system.controller.UploadFileController - fileName:org.springframework.web.multipart.support.StandardMultipartHttpServletRequest$StandardMultipartFile@2c4b325a
2020-12-11 09:59:34.316 [INFO ] com.source.system.service.impl.AliOssServiceImpl - fileorg.springframework.web.multipart.support.StandardMultipartHttpServletRequest$StandardMultipartFile@2c4b325a
2020-12-11 09:59:34.390 [INFO ] com.source.utils.Files - file:png
2020-12-11 09:59:34.390 [INFO ] com.source.system.service.impl.AliOssServiceImpl - fileimage
2020-12-11 10:00:50.524 [INFO ] com.source.system.controller.UploadFileController - fileName:org.springframework.web.multipart.support.StandardMultipartHttpServletRequest$StandardMultipartFile@2bfa94cd
2020-12-11 10:00:50.525 [INFO ] com.source.system.service.impl.AliOssServiceImpl - fileorg.springframework.web.multipart.support.StandardMultipartHttpServletRequest$StandardMultipartFile@2bfa94cd
2020-12-11 10:00:50.601 [INFO ] com.source.utils.Files - file:png
2020-12-11 10:00:50.601 [INFO ] com.source.system.service.impl.AliOssServiceImpl - fileimage
2020-12-11 10:05:02.729 [INFO ] com.source.system.controller.UploadFileController - fileName:org.springframework.web.multipart.support.StandardMultipartHttpServletRequest$StandardMultipartFile@ea8ebb7
2020-12-11 10:05:02.729 [INFO ] com.source.system.service.impl.AliOssServiceImpl - fileorg.springframework.web.multipart.support.StandardMultipartHttpServletRequest$StandardMultipartFile@ea8ebb7
2020-12-11 10:05:02.801 [INFO ] com.source.utils.Files - file:png
2020-12-11 10:05:02.802 [INFO ] com.source.system.service.impl.AliOssServiceImpl - fileimage
2020-12-11 10:10:16.709 [INFO ] com.source.system.controller.UploadFileController - fileName:org.springframework.web.multipart.support.StandardMultipartHttpServletRequest$StandardMultipartFile@2041761b
2020-12-11 10:10:16.709 [INFO ] com.source.system.service.impl.AliOssServiceImpl - fileorg.springframework.web.multipart.support.StandardMultipartHttpServletRequest$StandardMultipartFile@2041761b
2020-12-11 10:10:16.788 [INFO ] com.source.utils.Files - file:png
2020-12-11 10:10:16.788 [INFO ] com.source.system.service.impl.AliOssServiceImpl - fileimage
2020-12-11 10:14:29.630 [INFO ] com.source.system.controller.UploadFileController - fileName:org.springframework.web.multipart.support.StandardMultipartHttpServletRequest$StandardMultipartFile@19285568
2020-12-11 10:14:29.631 [INFO ] com.source.system.service.impl.AliOssServiceImpl - fileorg.springframework.web.multipart.support.StandardMultipartHttpServletRequest$StandardMultipartFile@19285568
2020-12-11 10:14:29.735 [INFO ] com.source.utils.Files - file:png
2020-12-11 10:14:29.735 [INFO ] com.source.system.service.impl.AliOssServiceImpl - fileimage
2020-12-11 10:15:41.880 [INFO ] com.source.system.controller.UploadFileController - fileName:org.springframework.web.multipart.support.StandardMultipartHttpServletRequest$StandardMultipartFile@cebc17c
2020-12-11 10:15:41.880 [INFO ] com.source.system.service.impl.AliOssServiceImpl - fileorg.springframework.web.multipart.support.StandardMultipartHttpServletRequest$StandardMultipartFile@cebc17c
2020-12-11 10:15:41.933 [INFO ] com.source.utils.Files - file:png
2020-12-11 10:15:41.934 [INFO ] com.source.system.service.impl.AliOssServiceImpl - fileimage
2020-12-11 10:17:55.714 [INFO ] com.source.system.controller.UploadFileController - fileName:org.springframework.web.multipart.support.StandardMultipartHttpServletRequest$StandardMultipartFile@b48ac44
2020-12-11 10:17:55.714 [INFO ] com.source.system.service.impl.AliOssServiceImpl - fileorg.springframework.web.multipart.support.StandardMultipartHttpServletRequest$StandardMultipartFile@b48ac44
2020-12-11 10:17:55.774 [INFO ] com.source.utils.Files - file:png
2020-12-11 10:17:55.775 [INFO ] com.source.system.service.impl.AliOssServiceImpl - fileimage
2020-12-11 10:19:13.920 [INFO ] com.source.system.controller.UploadFileController - fileName:org.springframework.web.multipart.support.StandardMultipartHttpServletRequest$StandardMultipartFile@1fe526c6
2020-12-11 10:19:13.920 [INFO ] com.source.system.service.impl.AliOssServiceImpl - fileorg.springframework.web.multipart.support.StandardMultipartHttpServletRequest$StandardMultipartFile@1fe526c6
2020-12-11 10:19:13.986 [INFO ] com.source.utils.Files - file:png
2020-12-11 10:19:13.986 [INFO ] com.source.system.service.impl.AliOssServiceImpl - fileimage
2020-12-11 10:27:24.385 [INFO ] com.source.system.controller.UploadFileController - fileName:org.springframework.web.multipart.support.StandardMultipartHttpServletRequest$StandardMultipartFile@1a3fa26a
2020-12-11 10:27:24.386 [INFO ] com.source.system.service.impl.AliOssServiceImpl - fileorg.springframework.web.multipart.support.StandardMultipartHttpServletRequest$StandardMultipartFile@1a3fa26a
2020-12-11 10:27:24.471 [INFO ] com.source.utils.Files - file:png
2020-12-11 10:27:24.472 [INFO ] com.source.system.service.impl.AliOssServiceImpl - fileimage
2020-12-11 10:28:20.174 [INFO ] com.source.system.controller.UploadFileController - fileName:org.springframework.web.multipart.support.StandardMultipartHttpServletRequest$StandardMultipartFile@5dae1732
2020-12-11 10:28:20.175 [INFO ] com.source.system.service.impl.AliOssServiceImpl - fileorg.springframework.web.multipart.support.StandardMultipartHttpServletRequest$StandardMultipartFile@5dae1732
2020-12-11 10:28:20.212 [INFO ] com.source.utils.Files - file:png
2020-12-11 10:28:20.212 [INFO ] com.source.system.service.impl.AliOssServiceImpl - fileimage
2020-12-11 10:28:34.735 [INFO ] com.source.system.controller.UploadFileController - fileName:org.springframework.web.multipart.support.StandardMultipartHttpServletRequest$StandardMultipartFile@e956149
2020-12-11 10:28:34.736 [INFO ] com.source.system.service.impl.AliOssServiceImpl - fileorg.springframework.web.multipart.support.StandardMultipartHttpServletRequest$StandardMultipartFile@e956149
2020-12-11 10:28:34.783 [INFO ] com.source.utils.Files - file:png
2020-12-11 10:28:34.783 [INFO ] com.source.system.service.impl.AliOssServiceImpl - fileimage
2020-12-11 10:29:10.170 [INFO ] com.source.system.controller.UploadFileController - fileName:org.springframework.web.multipart.support.StandardMultipartHttpServletRequest$StandardMultipartFile@32f57a09
2020-12-11 10:29:10.170 [INFO ] com.source.system.service.impl.AliOssServiceImpl - fileorg.springframework.web.multipart.support.StandardMultipartHttpServletRequest$StandardMultipartFile@32f57a09
2020-12-11 10:29:10.289 [INFO ] com.source.utils.Files - file:png
2020-12-11 10:29:10.289 [INFO ] com.source.system.service.impl.AliOssServiceImpl - fileimage
2020-12-11 10:29:31.395 [INFO ] com.source.system.controller.UploadFileController - fileName:org.springframework.web.multipart.support.StandardMultipartHttpServletRequest$StandardMultipartFile@361249dd
2020-12-11 10:29:31.395 [INFO ] com.source.system.service.impl.AliOssServiceImpl - fileorg.springframework.web.multipart.support.StandardMultipartHttpServletRequest$StandardMultipartFile@361249dd
2020-12-11 10:29:31.471 [INFO ] com.source.utils.Files - file:jpg
2020-12-11 10:29:31.471 [INFO ] com.source.system.service.impl.AliOssServiceImpl - fileimage
2020-12-11 10:30:50.659 [INFO ] com.source.system.controller.UploadFileController - fileName:org.springframework.web.multipart.support.StandardMultipartHttpServletRequest$StandardMultipartFile@c88ce32
2020-12-11 10:30:50.659 [INFO ] com.source.system.service.impl.AliOssServiceImpl - fileorg.springframework.web.multipart.support.StandardMultipartHttpServletRequest$StandardMultipartFile@c88ce32
2020-12-11 10:30:50.714 [INFO ] com.source.utils.Files - file:png
2020-12-11 10:30:50.714 [INFO ] com.source.system.service.impl.AliOssServiceImpl - fileimage
2020-12-11 10:31:14.314 [INFO ] com.source.system.controller.UploadFileController - fileName:org.springframework.web.multipart.support.StandardMultipartHttpServletRequest$StandardMultipartFile@6bd1643b
2020-12-11 10:31:14.314 [INFO ] com.source.system.service.impl.AliOssServiceImpl - fileorg.springframework.web.multipart.support.StandardMultipartHttpServletRequest$StandardMultipartFile@6bd1643b
2020-12-11 10:31:14.389 [INFO ] com.source.utils.Files - file:png
2020-12-11 10:31:14.389 [INFO ] com.source.system.service.impl.AliOssServiceImpl - fileimage
2020-12-11 10:32:02.876 [INFO ] com.source.system.controller.UploadFileController - fileName:org.springframework.web.multipart.support.StandardMultipartHttpServletRequest$StandardMultipartFile@344a4894
2020-12-11 10:32:02.876 [INFO ] com.source.system.service.impl.AliOssServiceImpl - fileorg.springframework.web.multipart.support.StandardMultipartHttpServletRequest$StandardMultipartFile@344a4894
2020-12-11 10:32:02.928 [INFO ] com.source.utils.Files - file:png
2020-12-11 10:32:02.928 [INFO ] com.source.system.service.impl.AliOssServiceImpl - fileimage
2020-12-11 10:32:52.056 [INFO ] com.source.system.controller.UploadFileController - fileName:org.springframework.web.multipart.support.StandardMultipartHttpServletRequest$StandardMultipartFile@3acfe1ed
2020-12-11 10:32:52.057 [INFO ] com.source.system.service.impl.AliOssServiceImpl - fileorg.springframework.web.multipart.support.StandardMultipartHttpServletRequest$StandardMultipartFile@3acfe1ed
2020-12-11 10:32:52.128 [INFO ] com.source.utils.Files - file:png
2020-12-11 10:32:52.129 [INFO ] com.source.system.service.impl.AliOssServiceImpl - fileimage
2020-12-11 10:34:25.432 [INFO ] com.source.system.controller.UploadFileController - fileName:org.springframework.web.multipart.support.StandardMultipartHttpServletRequest$StandardMultipartFile@59dfbd40
2020-12-11 10:34:25.432 [INFO ] com.source.system.service.impl.AliOssServiceImpl - fileorg.springframework.web.multipart.support.StandardMultipartHttpServletRequest$StandardMultipartFile@59dfbd40
2020-12-11 10:34:25.485 [INFO ] com.source.utils.Files - file:png
2020-12-11 10:34:25.485 [INFO ] com.source.system.service.impl.AliOssServiceImpl - fileimage
2020-12-11 10:34:47.970 [INFO ] com.source.system.controller.UploadFileController - fileName:org.springframework.web.multipart.support.StandardMultipartHttpServletRequest$StandardMultipartFile@5ec42a0d
2020-12-11 10:34:47.970 [INFO ] com.source.system.service.impl.AliOssServiceImpl - fileorg.springframework.web.multipart.support.StandardMultipartHttpServletRequest$StandardMultipartFile@5ec42a0d
2020-12-11 10:34:48.020 [INFO ] com.source.utils.Files - file:png
2020-12-11 10:34:48.020 [INFO ] com.source.system.service.impl.AliOssServiceImpl - fileimage
2020-12-11 10:36:06.640 [INFO ] com.source.system.controller.UploadFileController - fileName:org.springframework.web.multipart.support.StandardMultipartHttpServletRequest$StandardMultipartFile@67378549
2020-12-11 10:36:06.641 [INFO ] com.source.system.service.impl.AliOssServiceImpl - fileorg.springframework.web.multipart.support.StandardMultipartHttpServletRequest$StandardMultipartFile@67378549
2020-12-11 10:36:06.713 [INFO ] com.source.utils.Files - file:png
2020-12-11 10:36:06.714 [INFO ] com.source.system.service.impl.AliOssServiceImpl - fileimage
2020-12-11 10:36:41.118 [INFO ] com.source.system.controller.UploadFileController - fileName:org.springframework.web.multipart.support.StandardMultipartHttpServletRequest$StandardMultipartFile@6f8a6759
2020-12-11 10:36:41.119 [INFO ] com.source.system.service.impl.AliOssServiceImpl - fileorg.springframework.web.multipart.support.StandardMultipartHttpServletRequest$StandardMultipartFile@6f8a6759
2020-12-11 10:36:41.168 [INFO ] com.source.utils.Files - file:png
2020-12-11 10:36:41.168 [INFO ] com.source.system.service.impl.AliOssServiceImpl - fileimage
2020-12-11 10:40:40.483 [INFO ] com.source.system.controller.UploadFileController - fileName:org.springframework.web.multipart.support.StandardMultipartHttpServletRequest$StandardMultipartFile@23b52054
2020-12-11 10:40:40.484 [INFO ] com.source.system.service.impl.AliOssServiceImpl - fileorg.springframework.web.multipart.support.StandardMultipartHttpServletRequest$StandardMultipartFile@23b52054
2020-12-11 10:40:40.546 [INFO ] com.source.utils.Files - file:jpg
2020-12-11 10:40:40.546 [INFO ] com.source.system.service.impl.AliOssServiceImpl - fileimage
2020-12-11 11:07:39.519 [INFO ] com.source.system.controller.UploadFileController - fileName:org.springframework.web.multipart.support.StandardMultipartHttpServletRequest$StandardMultipartFile@20ad80b3
2020-12-11 11:07:39.519 [INFO ] com.source.system.service.impl.AliOssServiceImpl - fileorg.springframework.web.multipart.support.StandardMultipartHttpServletRequest$StandardMultipartFile@20ad80b3
2020-12-11 11:07:39.606 [INFO ] com.source.utils.Files - file:png
2020-12-11 11:07:39.606 [INFO ] com.source.system.service.impl.AliOssServiceImpl - fileimage
2020-12-11 11:18:23.617 [INFO ] com.source.system.controller.UploadFileController - fileName:org.springframework.web.multipart.support.StandardMultipartHttpServletRequest$StandardMultipartFile@72896db6
2020-12-11 11:18:23.617 [INFO ] com.source.system.service.impl.AliOssServiceImpl - fileorg.springframework.web.multipart.support.StandardMultipartHttpServletRequest$StandardMultipartFile@72896db6
2020-12-11 11:18:23.688 [INFO ] com.source.utils.Files - file:png
2020-12-11 11:18:23.688 [INFO ] com.source.system.service.impl.AliOssServiceImpl - fileimage
2020-12-11 11:19:00.081 [INFO ] com.source.system.controller.UploadFileController - fileName:org.springframework.web.multipart.support.StandardMultipartHttpServletRequest$StandardMultipartFile@206cbc48
2020-12-11 11:19:00.082 [INFO ] com.source.system.service.impl.AliOssServiceImpl - fileorg.springframework.web.multipart.support.StandardMultipartHttpServletRequest$StandardMultipartFile@206cbc48
2020-12-11 11:19:00.148 [INFO ] com.source.utils.Files - file:png
2020-12-11 11:19:00.149 [INFO ] com.source.system.service.impl.AliOssServiceImpl - fileimage
2020-12-11 11:20:00.367 [INFO ] com.source.system.controller.UploadFileController - fileName:org.springframework.web.multipart.support.StandardMultipartHttpServletRequest$StandardMultipartFile@2f225264
2020-12-11 11:20:00.368 [INFO ] com.source.system.service.impl.AliOssServiceImpl - fileorg.springframework.web.multipart.support.StandardMultipartHttpServletRequest$StandardMultipartFile@2f225264
2020-12-11 11:20:00.446 [INFO ] com.source.utils.Files - file:png
2020-12-11 11:20:00.446 [INFO ] com.source.system.service.impl.AliOssServiceImpl - fileimage
2020-12-11 11:20:51.459 [INFO ] com.source.system.controller.UploadFileController - fileName:org.springframework.web.multipart.support.StandardMultipartHttpServletRequest$StandardMultipartFile@280c83b3
2020-12-11 11:20:51.459 [INFO ] com.source.system.service.impl.AliOssServiceImpl - fileorg.springframework.web.multipart.support.StandardMultipartHttpServletRequest$StandardMultipartFile@280c83b3
2020-12-11 11:20:51.532 [INFO ] com.source.utils.Files - file:png
2020-12-11 11:20:51.532 [INFO ] com.source.system.service.impl.AliOssServiceImpl - fileimage
2020-12-11 11:23:45.651 [INFO ] com.source.system.controller.UploadFileController - fileName:org.springframework.web.multipart.support.StandardMultipartHttpServletRequest$StandardMultipartFile@633a5b23
2020-12-11 11:23:45.651 [INFO ] com.source.system.service.impl.AliOssServiceImpl - fileorg.springframework.web.multipart.support.StandardMultipartHttpServletRequest$StandardMultipartFile@633a5b23
2020-12-11 11:23:45.752 [INFO ] com.source.utils.Files - file:png
2020-12-11 11:23:45.753 [INFO ] com.source.system.service.impl.AliOssServiceImpl - fileimage
2020-12-11 11:25:42.397 [INFO ] com.source.system.controller.UploadFileController - fileName:org.springframework.web.multipart.support.StandardMultipartHttpServletRequest$StandardMultipartFile@5c28e445
2020-12-11 11:25:42.398 [INFO ] com.source.system.service.impl.AliOssServiceImpl - fileorg.springframework.web.multipart.support.StandardMultipartHttpServletRequest$StandardMultipartFile@5c28e445
2020-12-11 11:25:42.462 [INFO ] com.source.utils.Files - file:png
2020-12-11 11:25:42.462 [INFO ] com.source.system.service.impl.AliOssServiceImpl - fileimage
2020-12-11 11:26:31.925 [INFO ] com.source.system.controller.UploadFileController - fileName:org.springframework.web.multipart.support.StandardMultipartHttpServletRequest$StandardMultipartFile@45af7394
2020-12-11 11:26:31.926 [INFO ] com.source.system.service.impl.AliOssServiceImpl - fileorg.springframework.web.multipart.support.StandardMultipartHttpServletRequest$StandardMultipartFile@45af7394
2020-12-11 11:26:31.980 [INFO ] com.source.utils.Files - file:png
2020-12-11 11:26:31.980 [INFO ] com.source.system.service.impl.AliOssServiceImpl - fileimage
2020-12-11 11:27:09.209 [INFO ] com.source.system.controller.UploadFileController - fileName:org.springframework.web.multipart.support.StandardMultipartHttpServletRequest$StandardMultipartFile@66fa1763
2020-12-11 11:27:09.210 [INFO ] com.source.system.service.impl.AliOssServiceImpl - fileorg.springframework.web.multipart.support.StandardMultipartHttpServletRequest$StandardMultipartFile@66fa1763
2020-12-11 11:27:09.300 [INFO ] com.source.utils.Files - file:png
2020-12-11 11:27:09.300 [INFO ] com.source.system.service.impl.AliOssServiceImpl - fileimage
2020-12-11 11:27:31.764 [INFO ] com.source.system.controller.UploadFileController - fileName:org.springframework.web.multipart.support.StandardMultipartHttpServletRequest$StandardMultipartFile@13269007
2020-12-11 11:27:31.764 [INFO ] com.source.system.service.impl.AliOssServiceImpl - fileorg.springframework.web.multipart.support.StandardMultipartHttpServletRequest$StandardMultipartFile@13269007
2020-12-11 11:27:31.827 [INFO ] com.source.utils.Files - file:png
2020-12-11 11:27:31.827 [INFO ] com.source.system.service.impl.AliOssServiceImpl - fileimage
2020-12-11 11:28:37.255 [INFO ] com.source.system.controller.UploadFileController - fileName:org.springframework.web.multipart.support.StandardMultipartHttpServletRequest$StandardMultipartFile@7d39a181
2020-12-11 11:28:37.255 [INFO ] com.source.system.service.impl.AliOssServiceImpl - fileorg.springframework.web.multipart.support.StandardMultipartHttpServletRequest$StandardMultipartFile@7d39a181
2020-12-11 11:28:37.333 [INFO ] com.source.utils.Files - file:png
2020-12-11 11:28:37.333 [INFO ] com.source.system.service.impl.AliOssServiceImpl - fileimage
2020-12-11 11:29:57.667 [INFO ] com.source.system.controller.UploadFileController - fileName:org.springframework.web.multipart.support.StandardMultipartHttpServletRequest$StandardMultipartFile@4d0feb76
2020-12-11 11:29:57.667 [INFO ] com.source.system.service.impl.AliOssServiceImpl - fileorg.springframework.web.multipart.support.StandardMultipartHttpServletRequest$StandardMultipartFile@4d0feb76
2020-12-11 11:29:57.732 [INFO ] com.source.utils.Files - file:png
2020-12-11 11:29:57.733 [INFO ] com.source.system.service.impl.AliOssServiceImpl - fileimage
2020-12-11 11:30:40.615 [INFO ] com.source.system.controller.UploadFileController - fileName:org.springframework.web.multipart.support.StandardMultipartHttpServletRequest$StandardMultipartFile@67c4be31
2020-12-11 11:30:40.615 [INFO ] com.source.system.service.impl.AliOssServiceImpl - fileorg.springframework.web.multipart.support.StandardMultipartHttpServletRequest$StandardMultipartFile@67c4be31
2020-12-11 11:30:40.670 [INFO ] com.source.utils.Files - file:png
2020-12-11 11:30:40.671 [INFO ] com.source.system.service.impl.AliOssServiceImpl - fileimage
2020-12-11 11:32:12.392 [INFO ] com.source.system.controller.UploadFileController - fileName:org.springframework.web.multipart.support.StandardMultipartHttpServletRequest$StandardMultipartFile@1501ae53
2020-12-11 11:32:12.392 [INFO ] com.source.system.service.impl.AliOssServiceImpl - fileorg.springframework.web.multipart.support.StandardMultipartHttpServletRequest$StandardMultipartFile@1501ae53
2020-12-11 11:32:12.437 [INFO ] com.source.utils.Files - file:png
2020-12-11 11:32:12.438 [INFO ] com.source.system.service.impl.AliOssServiceImpl - fileimage
2020-12-11 11:33:30.890 [INFO ] com.source.system.controller.UploadFileController - fileName:org.springframework.web.multipart.support.StandardMultipartHttpServletRequest$StandardMultipartFile@df98f1c
2020-12-11 11:33:30.890 [INFO ] com.source.system.service.impl.AliOssServiceImpl - fileorg.springframework.web.multipart.support.StandardMultipartHttpServletRequest$StandardMultipartFile@df98f1c
2020-12-11 11:33:30.954 [INFO ] com.source.utils.Files - file:png
2020-12-11 11:33:30.954 [INFO ] com.source.system.service.impl.AliOssServiceImpl - fileimage
2020-12-11 11:34:52.637 [INFO ] com.source.system.controller.UploadFileController - fileName:org.springframework.web.multipart.support.StandardMultipartHttpServletRequest$StandardMultipartFile@3a3a8d18
2020-12-11 11:34:52.638 [INFO ] com.source.system.service.impl.AliOssServiceImpl - fileorg.springframework.web.multipart.support.StandardMultipartHttpServletRequest$StandardMultipartFile@3a3a8d18
2020-12-11 11:34:52.700 [INFO ] com.source.utils.Files - file:png
2020-12-11 11:34:52.701 [INFO ] com.source.system.service.impl.AliOssServiceImpl - fileimage
2020-12-11 11:35:44.324 [INFO ] com.source.system.controller.UploadFileController - fileName:org.springframework.web.multipart.support.StandardMultipartHttpServletRequest$StandardMultipartFile@c5eef38
2020-12-11 11:35:44.325 [INFO ] com.source.system.service.impl.AliOssServiceImpl - fileorg.springframework.web.multipart.support.StandardMultipartHttpServletRequest$StandardMultipartFile@c5eef38
2020-12-11 11:35:44.380 [INFO ] com.source.utils.Files - file:png
2020-12-11 11:35:44.380 [INFO ] com.source.system.service.impl.AliOssServiceImpl - fileimage
2020-12-11 11:36:29.578 [INFO ] com.source.system.controller.UploadFileController - fileName:org.springframework.web.multipart.support.StandardMultipartHttpServletRequest$StandardMultipartFile@67242e01
2020-12-11 11:36:29.579 [INFO ] com.source.system.service.impl.AliOssServiceImpl - fileorg.springframework.web.multipart.support.StandardMultipartHttpServletRequest$StandardMultipartFile@67242e01
2020-12-11 11:36:29.727 [INFO ] com.source.utils.Files - file:png
2020-12-11 11:36:29.727 [INFO ] com.source.system.service.impl.AliOssServiceImpl - fileimage
2020-12-11 11:37:21.353 [INFO ] com.source.system.controller.UploadFileController - fileName:org.springframework.web.multipart.support.StandardMultipartHttpServletRequest$StandardMultipartFile@10bdccfa
2020-12-11 11:37:21.353 [INFO ] com.source.system.service.impl.AliOssServiceImpl - fileorg.springframework.web.multipart.support.StandardMultipartHttpServletRequest$StandardMultipartFile@10bdccfa
2020-12-11 11:37:21.402 [INFO ] com.source.utils.Files - file:png
2020-12-11 11:37:21.403 [INFO ] com.source.system.service.impl.AliOssServiceImpl - fileimage
2020-12-11 11:40:13.886 [INFO ] com.source.system.controller.UploadFileController - fileName:org.springframework.web.multipart.support.StandardMultipartHttpServletRequest$StandardMultipartFile@6a762eaf
2020-12-11 11:40:13.887 [INFO ] com.source.system.service.impl.AliOssServiceImpl - fileorg.springframework.web.multipart.support.StandardMultipartHttpServletRequest$StandardMultipartFile@6a762eaf
2020-12-11 11:40:13.945 [INFO ] com.source.utils.Files - file:png
2020-12-11 11:40:13.945 [INFO ] com.source.system.service.impl.AliOssServiceImpl - fileimage
2020-12-11 11:40:45.832 [INFO ] com.source.system.controller.UploadFileController - fileName:org.springframework.web.multipart.support.StandardMultipartHttpServletRequest$StandardMultipartFile@750d982c
2020-12-11 11:40:45.832 [INFO ] com.source.system.service.impl.AliOssServiceImpl - fileorg.springframework.web.multipart.support.StandardMultipartHttpServletRequest$StandardMultipartFile@750d982c
2020-12-11 11:40:45.884 [INFO ] com.source.utils.Files - file:png
2020-12-11 11:40:45.885 [INFO ] com.source.system.service.impl.AliOssServiceImpl - fileimage
2020-12-11 11:42:05.813 [INFO ] com.source.system.controller.UploadFileController - fileName:org.springframework.web.multipart.support.StandardMultipartHttpServletRequest$StandardMultipartFile@409bbcac
2020-12-11 11:42:05.814 [INFO ] com.source.system.service.impl.AliOssServiceImpl - fileorg.springframework.web.multipart.support.StandardMultipartHttpServletRequest$StandardMultipartFile@409bbcac
2020-12-11 11:42:05.920 [INFO ] com.source.utils.Files - file:png
2020-12-11 11:42:05.920 [INFO ] com.source.system.service.impl.AliOssServiceImpl - fileimage
2020-12-11 11:42:36.358 [INFO ] com.source.system.controller.UploadFileController - fileName:org.springframework.web.multipart.support.StandardMultipartHttpServletRequest$StandardMultipartFile@e50caf0
2020-12-11 11:42:36.359 [INFO ] com.source.system.service.impl.AliOssServiceImpl - fileorg.springframework.web.multipart.support.StandardMultipartHttpServletRequest$StandardMultipartFile@e50caf0
2020-12-11 11:42:36.398 [INFO ] com.source.utils.Files - file:png
2020-12-11 11:42:36.398 [INFO ] com.source.system.service.impl.AliOssServiceImpl - fileimage
2020-12-11 11:43:19.078 [INFO ] com.source.system.controller.UploadFileController - fileName:org.springframework.web.multipart.support.StandardMultipartHttpServletRequest$StandardMultipartFile@3f1a3f22
2020-12-11 11:43:19.079 [INFO ] com.source.system.service.impl.AliOssServiceImpl - fileorg.springframework.web.multipart.support.StandardMultipartHttpServletRequest$StandardMultipartFile@3f1a3f22
2020-12-11 11:43:19.135 [INFO ] com.source.utils.Files - file:png
2020-12-11 11:43:19.135 [INFO ] com.source.system.service.impl.AliOssServiceImpl - fileimage
2020-12-11 11:43:29.808 [INFO ] com.source.system.controller.UploadFileController - fileName:org.springframework.web.multipart.support.StandardMultipartHttpServletRequest$StandardMultipartFile@5ee4277b
2020-12-11 11:43:29.808 [INFO ] com.source.system.service.impl.AliOssServiceImpl - fileorg.springframework.web.multipart.support.StandardMultipartHttpServletRequest$StandardMultipartFile@5ee4277b
2020-12-11 11:43:29.846 [INFO ] com.source.utils.Files - file:png
2020-12-11 11:43:29.846 [INFO ] com.source.system.service.impl.AliOssServiceImpl - fileimage
2020-12-11 11:45:06.365 [INFO ] com.source.system.controller.UploadFileController - fileName:org.springframework.web.multipart.support.StandardMultipartHttpServletRequest$StandardMultipartFile@23f8df93
2020-12-11 11:45:06.365 [INFO ] com.source.system.service.impl.AliOssServiceImpl - fileorg.springframework.web.multipart.support.StandardMultipartHttpServletRequest$StandardMultipartFile@23f8df93
2020-12-11 11:45:06.420 [INFO ] com.source.utils.Files - file:png
2020-12-11 11:45:06.421 [INFO ] com.source.system.service.impl.AliOssServiceImpl - fileimage
2020-12-11 11:45:34.435 [INFO ] com.source.system.controller.UploadFileController - fileName:org.springframework.web.multipart.support.StandardMultipartHttpServletRequest$StandardMultipartFile@48be2023
2020-12-11 11:45:34.436 [INFO ] com.source.system.service.impl.AliOssServiceImpl - fileorg.springframework.web.multipart.support.StandardMultipartHttpServletRequest$StandardMultipartFile@48be2023
2020-12-11 11:45:34.491 [INFO ] com.source.utils.Files - file:png
2020-12-11 11:45:34.491 [INFO ] com.source.system.service.impl.AliOssServiceImpl - fileimage
2020-12-11 11:46:22.383 [INFO ] com.source.system.controller.UploadFileController - fileName:org.springframework.web.multipart.support.StandardMultipartHttpServletRequest$StandardMultipartFile@7cee3b9a
2020-12-11 11:46:22.383 [INFO ] com.source.system.service.impl.AliOssServiceImpl - fileorg.springframework.web.multipart.support.StandardMultipartHttpServletRequest$StandardMultipartFile@7cee3b9a
2020-12-11 11:46:22.452 [INFO ] com.source.utils.Files - file:png
2020-12-11 11:46:22.452 [INFO ] com.source.system.service.impl.AliOssServiceImpl - fileimage
2020-12-11 11:46:44.290 [INFO ] com.source.system.controller.UploadFileController - fileName:org.springframework.web.multipart.support.StandardMultipartHttpServletRequest$StandardMultipartFile@2ffb9af7
2020-12-11 11:46:44.291 [INFO ] com.source.system.service.impl.AliOssServiceImpl - fileorg.springframework.web.multipart.support.StandardMultipartHttpServletRequest$StandardMultipartFile@2ffb9af7
2020-12-11 11:46:44.338 [INFO ] com.source.utils.Files - file:png
2020-12-11 11:46:44.338 [INFO ] com.source.system.service.impl.AliOssServiceImpl - fileimage
2020-12-11 11:47:16.645 [INFO ] com.source.system.controller.UploadFileController - fileName:org.springframework.web.multipart.support.StandardMultipartHttpServletRequest$StandardMultipartFile@4154ca36
2020-12-11 11:47:16.645 [INFO ] com.source.system.service.impl.AliOssServiceImpl - fileorg.springframework.web.multipart.support.StandardMultipartHttpServletRequest$StandardMultipartFile@4154ca36
2020-12-11 11:47:16.700 [INFO ] com.source.utils.Files - file:png
2020-12-11 11:47:16.700 [INFO ] com.source.system.service.impl.AliOssServiceImpl - fileimage
2020-12-11 11:47:57.124 [INFO ] com.source.system.controller.UploadFileController - fileName:org.springframework.web.multipart.support.StandardMultipartHttpServletRequest$StandardMultipartFile@4f92ef39
2020-12-11 11:47:57.124 [INFO ] com.source.system.service.impl.AliOssServiceImpl - fileorg.springframework.web.multipart.support.StandardMultipartHttpServletRequest$StandardMultipartFile@4f92ef39
2020-12-11 11:47:57.251 [INFO ] com.source.utils.Files - file:png
2020-12-11 11:47:57.252 [INFO ] com.source.system.service.impl.AliOssServiceImpl - fileimage
2020-12-11 11:49:05.765 [INFO ] com.source.system.controller.UploadFileController - fileName:org.springframework.web.multipart.support.StandardMultipartHttpServletRequest$StandardMultipartFile@340d96e3
2020-12-11 11:49:05.765 [INFO ] com.source.system.service.impl.AliOssServiceImpl - fileorg.springframework.web.multipart.support.StandardMultipartHttpServletRequest$StandardMultipartFile@340d96e3
2020-12-11 11:49:05.841 [INFO ] com.source.utils.Files - file:png
2020-12-11 11:49:05.842 [INFO ] com.source.system.service.impl.AliOssServiceImpl - fileimage
2020-12-11 11:50:44.526 [INFO ] com.source.system.controller.UploadFileController - fileName:org.springframework.web.multipart.support.StandardMultipartHttpServletRequest$StandardMultipartFile@5d21ced3
2020-12-11 11:50:44.526 [INFO ] com.source.system.service.impl.AliOssServiceImpl - fileorg.springframework.web.multipart.support.StandardMultipartHttpServletRequest$StandardMultipartFile@5d21ced3
2020-12-11 11:50:44.586 [INFO ] com.source.utils.Files - file:png
2020-12-11 11:50:44.586 [INFO ] com.source.system.service.impl.AliOssServiceImpl - fileimage
2020-12-11 11:55:04.936 [INFO ] com.source.system.controller.UploadFileController - fileName:org.springframework.web.multipart.support.StandardMultipartHttpServletRequest$StandardMultipartFile@74d29f1a
2020-12-11 11:55:04.936 [INFO ] com.source.system.service.impl.AliOssServiceImpl - fileorg.springframework.web.multipart.support.StandardMultipartHttpServletRequest$StandardMultipartFile@74d29f1a
2020-12-11 11:55:05.007 [INFO ] com.source.utils.Files - file:png
2020-12-11 11:55:05.008 [INFO ] com.source.system.service.impl.AliOssServiceImpl - fileimage
2020-12-11 11:59:12.745 [INFO ] com.source.system.controller.UploadFileController - fileName:org.springframework.web.multipart.support.StandardMultipartHttpServletRequest$StandardMultipartFile@77a588b4
2020-12-11 11:59:12.745 [INFO ] com.source.system.service.impl.AliOssServiceImpl - fileorg.springframework.web.multipart.support.StandardMultipartHttpServletRequest$StandardMultipartFile@77a588b4
2020-12-11 11:59:12.796 [INFO ] com.source.utils.Files - file:png
2020-12-11 11:59:12.796 [INFO ] com.source.system.service.impl.AliOssServiceImpl - fileimage
2020-12-11 12:00:14.845 [INFO ] com.source.system.controller.UploadFileController - fileName:org.springframework.web.multipart.support.StandardMultipartHttpServletRequest$StandardMultipartFile@5751c2b
2020-12-11 12:00:14.845 [INFO ] com.source.system.service.impl.AliOssServiceImpl - fileorg.springframework.web.multipart.support.StandardMultipartHttpServletRequest$StandardMultipartFile@5751c2b
2020-12-11 12:00:14.938 [INFO ] com.source.utils.Files - file:png
2020-12-11 12:00:14.938 [INFO ] com.source.system.service.impl.AliOssServiceImpl - fileimage
2020-12-11 12:01:12.919 [INFO ] com.source.system.controller.UploadFileController - fileName:org.springframework.web.multipart.support.StandardMultipartHttpServletRequest$StandardMultipartFile@1ae58c8b
2020-12-11 12:01:12.919 [INFO ] com.source.system.service.impl.AliOssServiceImpl - fileorg.springframework.web.multipart.support.StandardMultipartHttpServletRequest$StandardMultipartFile@1ae58c8b
2020-12-11 12:01:12.986 [INFO ] com.source.utils.Files - file:png
2020-12-11 12:01:12.986 [INFO ] com.source.system.service.impl.AliOssServiceImpl - fileimage
